<?xml version="1.0" encoding="UTF-8"?>
<coverage generated="1665431644253" clover="3.2.0">
  <project timestamp="1665431644253" name="All files">
    <metrics statements="467" coveredstatements="210" conditionals="48" coveredconditionals="3" methods="72" coveredmethods="7" elements="587" coveredelements="220" complexity="0" loc="467" ncloc="467" packages="8" files="22" classes="22"/>
    <package name="src">
      <metrics statements="13" coveredstatements="13" conditionals="0" coveredconditionals="0" methods="0" coveredmethods="0"/>
      <file name="index.ts" path="/home/ludmila/Driven/bcntour-back/src/index.ts">
        <metrics statements="13" coveredstatements="13" conditionals="0" coveredconditionals="0" methods="0" coveredmethods="0"/>
        <line num="1" count="2" type="stmt"/>
        <line num="2" count="2" type="stmt"/>
        <line num="3" count="2" type="stmt"/>
        <line num="4" count="2" type="stmt"/>
        <line num="7" count="2" type="stmt"/>
        <line num="9" count="2" type="stmt"/>
        <line num="10" count="2" type="stmt"/>
        <line num="12" count="2" type="stmt"/>
        <line num="14" count="2" type="stmt"/>
        <line num="15" count="2" type="stmt"/>
        <line num="17" count="2" type="stmt"/>
        <line num="18" count="2" type="stmt"/>
        <line num="20" count="2" type="stmt"/>
      </file>
    </package>
    <package name="src.controllers">
      <metrics statements="145" coveredstatements="38" conditionals="0" coveredconditionals="0" methods="32" coveredmethods="1"/>
      <file name="localizationController.ts" path="/home/ludmila/Driven/bcntour-back/src/controllers/localizationController.ts">
        <metrics statements="31" coveredstatements="8" conditionals="0" coveredconditionals="0" methods="7" coveredmethods="0"/>
        <line num="2" count="2" type="stmt"/>
        <line num="5" count="2" type="stmt"/>
        <line num="7" count="0" type="stmt"/>
        <line num="8" count="0" type="stmt"/>
        <line num="10" count="2" type="stmt"/>
        <line num="11" count="0" type="stmt"/>
        <line num="12" count="0" type="stmt"/>
        <line num="13" count="0" type="stmt"/>
        <line num="16" count="2" type="stmt"/>
        <line num="17" count="0" type="stmt"/>
        <line num="18" count="0" type="stmt"/>
        <line num="19" count="0" type="stmt"/>
        <line num="21" count="0" type="stmt"/>
        <line num="22" count="0" type="stmt"/>
        <line num="25" count="2" type="stmt"/>
        <line num="26" count="0" type="stmt"/>
        <line num="28" count="0" type="stmt"/>
        <line num="30" count="0" type="stmt"/>
        <line num="34" count="2" type="stmt"/>
        <line num="35" count="0" type="stmt"/>
        <line num="37" count="0" type="stmt"/>
        <line num="38" count="0" type="stmt"/>
        <line num="41" count="2" type="stmt"/>
        <line num="42" count="0" type="stmt"/>
        <line num="43" count="0" type="stmt"/>
        <line num="44" count="0" type="stmt"/>
        <line num="48" count="2" type="stmt"/>
        <line num="49" count="0" type="stmt"/>
        <line num="50" count="0" type="stmt"/>
        <line num="52" count="0" type="stmt"/>
        <line num="53" count="0" type="stmt"/>
      </file>
      <file name="optionController.ts" path="/home/ludmila/Driven/bcntour-back/src/controllers/optionController.ts">
        <metrics statements="21" coveredstatements="6" conditionals="0" coveredconditionals="0" methods="5" coveredmethods="0"/>
        <line num="2" count="2" type="stmt"/>
        <line num="5" count="2" type="stmt"/>
        <line num="7" count="0" type="stmt"/>
        <line num="8" count="0" type="stmt"/>
        <line num="11" count="2" type="stmt"/>
        <line num="12" count="0" type="stmt"/>
        <line num="14" count="0" type="stmt"/>
        <line num="16" count="0" type="stmt"/>
        <line num="20" count="2" type="stmt"/>
        <line num="21" count="0" type="stmt"/>
        <line num="23" count="0" type="stmt"/>
        <line num="24" count="0" type="stmt"/>
        <line num="27" count="2" type="stmt"/>
        <line num="28" count="0" type="stmt"/>
        <line num="29" count="0" type="stmt"/>
        <line num="30" count="0" type="stmt"/>
        <line num="34" count="2" type="stmt"/>
        <line num="35" count="0" type="stmt"/>
        <line num="36" count="0" type="stmt"/>
        <line num="38" count="0" type="stmt"/>
        <line num="39" count="0" type="stmt"/>
      </file>
      <file name="publishController.ts" path="/home/ludmila/Driven/bcntour-back/src/controllers/publishController.ts">
        <metrics statements="51" coveredstatements="12" conditionals="0" coveredconditionals="0" methods="11" coveredmethods="0"/>
        <line num="2" count="2" type="stmt"/>
        <line num="5" count="2" type="stmt"/>
        <line num="7" count="0" type="stmt"/>
        <line num="8" count="0" type="stmt"/>
        <line num="11" count="2" type="stmt"/>
        <line num="12" count="0" type="stmt"/>
        <line num="14" count="0" type="stmt"/>
        <line num="16" count="0" type="stmt"/>
        <line num="20" count="2" type="stmt"/>
        <line num="21" count="0" type="stmt"/>
        <line num="24" count="0" type="stmt"/>
        <line num="25" count="0" type="stmt"/>
        <line num="28" count="2" type="stmt"/>
        <line num="29" count="0" type="stmt"/>
        <line num="30" count="0" type="stmt"/>
        <line num="31" count="0" type="stmt"/>
        <line num="35" count="2" type="stmt"/>
        <line num="36" count="0" type="stmt"/>
        <line num="37" count="0" type="stmt"/>
        <line num="39" count="0" type="stmt"/>
        <line num="40" count="0" type="stmt"/>
        <line num="42" count="2" type="stmt"/>
        <line num="43" count="0" type="stmt"/>
        <line num="46" count="0" type="stmt"/>
        <line num="47" count="0" type="stmt"/>
        <line num="49" count="2" type="stmt"/>
        <line num="50" count="0" type="stmt"/>
        <line num="53" count="0" type="stmt"/>
        <line num="55" count="0" type="stmt"/>
        <line num="58" count="2" type="stmt"/>
        <line num="59" count="0" type="stmt"/>
        <line num="60" count="0" type="stmt"/>
        <line num="63" count="0" type="stmt"/>
        <line num="64" count="0" type="stmt"/>
        <line num="65" count="0" type="stmt"/>
        <line num="68" count="2" type="stmt"/>
        <line num="69" count="0" type="stmt"/>
        <line num="71" count="0" type="stmt"/>
        <line num="73" count="0" type="stmt"/>
        <line num="74" count="0" type="stmt"/>
        <line num="77" count="2" type="stmt"/>
        <line num="78" count="0" type="stmt"/>
        <line num="79" count="0" type="stmt"/>
        <line num="81" count="0" type="stmt"/>
        <line num="82" count="0" type="stmt"/>
        <line num="84" count="2" type="stmt"/>
        <line num="85" count="0" type="stmt"/>
        <line num="86" count="0" type="stmt"/>
        <line num="89" count="0" type="stmt"/>
        <line num="90" count="0" type="stmt"/>
        <line num="91" count="0" type="stmt"/>
      </file>
      <file name="userControllers.ts" path="/home/ludmila/Driven/bcntour-back/src/controllers/userControllers.ts">
        <metrics statements="42" coveredstatements="12" conditionals="0" coveredconditionals="0" methods="9" coveredmethods="1"/>
        <line num="2" count="2" type="stmt"/>
        <line num="6" count="2" type="stmt"/>
        <line num="7" count="1" type="stmt"/>
        <line num="8" count="1" type="stmt"/>
        <line num="9" count="0" type="stmt"/>
        <line num="12" count="2" type="stmt"/>
        <line num="13" count="0" type="stmt"/>
        <line num="14" count="0" type="stmt"/>
        <line num="15" count="0" type="stmt"/>
        <line num="18" count="2" type="stmt"/>
        <line num="19" count="0" type="stmt"/>
        <line num="21" count="0" type="stmt"/>
        <line num="23" count="0" type="stmt"/>
        <line num="26" count="2" type="stmt"/>
        <line num="27" count="0" type="stmt"/>
        <line num="28" count="0" type="stmt"/>
        <line num="30" count="0" type="stmt"/>
        <line num="33" count="2" type="stmt"/>
        <line num="34" count="0" type="stmt"/>
        <line num="35" count="0" type="stmt"/>
        <line num="37" count="0" type="stmt"/>
        <line num="38" count="0" type="stmt"/>
        <line num="41" count="2" type="stmt"/>
        <line num="42" count="0" type="stmt"/>
        <line num="43" count="0" type="stmt"/>
        <line num="45" count="0" type="stmt"/>
        <line num="46" count="0" type="stmt"/>
        <line num="48" count="2" type="stmt"/>
        <line num="49" count="0" type="stmt"/>
        <line num="50" count="0" type="stmt"/>
        <line num="52" count="0" type="stmt"/>
        <line num="53" count="0" type="stmt"/>
        <line num="55" count="2" type="stmt"/>
        <line num="56" count="0" type="stmt"/>
        <line num="57" count="0" type="stmt"/>
        <line num="59" count="0" type="stmt"/>
        <line num="60" count="0" type="stmt"/>
        <line num="62" count="2" type="stmt"/>
        <line num="63" count="0" type="stmt"/>
        <line num="64" count="0" type="stmt"/>
        <line num="66" count="0" type="stmt"/>
        <line num="67" count="0" type="stmt"/>
      </file>
    </package>
    <package name="src.dbStrategy">
      <metrics statements="3" coveredstatements="3" conditionals="0" coveredconditionals="0" methods="0" coveredmethods="0"/>
      <file name="db.ts" path="/home/ludmila/Driven/bcntour-back/src/dbStrategy/db.ts">
        <metrics statements="3" coveredstatements="3" conditionals="0" coveredconditionals="0" methods="0" coveredmethods="0"/>
        <line num="2" count="2" type="stmt"/>
        <line num="4" count="2" type="stmt"/>
        <line num="5" count="2" type="stmt"/>
      </file>
    </package>
    <package name="src.middlewares">
      <metrics statements="57" coveredstatements="25" conditionals="7" coveredconditionals="1" methods="6" coveredmethods="2"/>
      <file name="error.ts" path="/home/ludmila/Driven/bcntour-back/src/middlewares/error.ts">
        <metrics statements="7" coveredstatements="6" conditionals="1" coveredconditionals="1" methods="1" coveredmethods="1"/>
        <line num="3" count="2" type="stmt"/>
        <line num="5" count="2" type="stmt"/>
        <line num="6" count="1" type="stmt"/>
        <line num="8" count="1" type="cond" truecount="1" falsecount="0"/>
        <line num="9" count="1" type="stmt"/>
        <line num="10" count="1" type="stmt"/>
        <line num="13" count="0" type="stmt"/>
      </file>
      <file name="validateSchema.ts" path="/home/ludmila/Driven/bcntour-back/src/middlewares/validateSchema.ts">
        <metrics statements="33" coveredstatements="13" conditionals="4" coveredconditionals="0" methods="4" coveredmethods="1"/>
        <line num="2" count="2" type="stmt"/>
        <line num="3" count="2" type="stmt"/>
        <line num="4" count="2" type="stmt"/>
        <line num="5" count="2" type="stmt"/>
        <line num="7" count="2" type="stmt"/>
        <line num="8" count="0" type="stmt"/>
        <line num="9" count="0" type="stmt"/>
        <line num="10" count="0" type="stmt"/>
        <line num="11" count="0" type="cond" truecount="0" falsecount="1"/>
        <line num="12" count="0" type="stmt"/>
        <line num="15" count="0" type="stmt"/>
        <line num="18" count="2" type="stmt"/>
        <line num="19" count="1" type="stmt"/>
        <line num="20" count="1" type="stmt"/>
        <line num="21" count="1" type="stmt"/>
        <line num="22" count="1" type="cond" truecount="0" falsecount="1"/>
        <line num="23" count="0" type="stmt"/>
        <line num="26" count="1" type="stmt"/>
        <line num="29" count="2" type="stmt"/>
        <line num="30" count="0" type="stmt"/>
        <line num="31" count="0" type="stmt"/>
        <line num="32" count="0" type="stmt"/>
        <line num="33" count="0" type="cond" truecount="0" falsecount="1"/>
        <line num="34" count="0" type="stmt"/>
        <line num="37" count="0" type="stmt"/>
        <line num="41" count="2" type="stmt"/>
        <line num="42" count="0" type="stmt"/>
        <line num="43" count="0" type="stmt"/>
        <line num="44" count="0" type="stmt"/>
        <line num="45" count="0" type="cond" truecount="0" falsecount="1"/>
        <line num="46" count="0" type="stmt"/>
        <line num="47" count="0" type="stmt"/>
        <line num="50" count="0" type="stmt"/>
      </file>
      <file name="validateToken.ts" path="/home/ludmila/Driven/bcntour-back/src/middlewares/validateToken.ts">
        <metrics statements="17" coveredstatements="6" conditionals="2" coveredconditionals="0" methods="1" coveredmethods="0"/>
        <line num="2" count="2" type="stmt"/>
        <line num="3" count="2" type="stmt"/>
        <line num="4" count="2" type="stmt"/>
        <line num="5" count="2" type="stmt"/>
        <line num="6" count="2" type="stmt"/>
        <line num="8" count="2" type="stmt"/>
        <line num="10" count="0" type="stmt"/>
        <line num="11" count="0" type="cond" truecount="0" falsecount="1"/>
        <line num="13" count="0" type="stmt"/>
        <line num="14" count="0" type="cond" truecount="0" falsecount="1"/>
        <line num="16" count="0" type="stmt"/>
        <line num="17" count="0" type="stmt"/>
        <line num="18" count="0" type="stmt"/>
        <line num="19" count="0" type="stmt"/>
        <line num="20" count="0" type="stmt"/>
        <line num="21" count="0" type="stmt"/>
        <line num="23" count="0" type="stmt"/>
      </file>
    </package>
    <package name="src.routes">
      <metrics statements="64" coveredstatements="64" conditionals="0" coveredconditionals="0" methods="0" coveredmethods="0"/>
      <file name="localizationRoutes.ts" path="/home/ludmila/Driven/bcntour-back/src/routes/localizationRoutes.ts">
        <metrics statements="11" coveredstatements="11" conditionals="0" coveredconditionals="0" methods="0" coveredmethods="0"/>
        <line num="1" count="2" type="stmt"/>
        <line num="2" count="2" type="stmt"/>
        <line num="6" count="2" type="stmt"/>
        <line num="8" count="2" type="stmt"/>
        <line num="9" count="2" type="stmt"/>
        <line num="10" count="2" type="stmt"/>
        <line num="11" count="2" type="stmt"/>
        <line num="12" count="2" type="stmt"/>
        <line num="13" count="2" type="stmt"/>
        <line num="14" count="2" type="stmt"/>
        <line num="18" count="2" type="stmt"/>
      </file>
      <file name="optionRoutes.ts" path="/home/ludmila/Driven/bcntour-back/src/routes/optionRoutes.ts">
        <metrics statements="10" coveredstatements="10" conditionals="0" coveredconditionals="0" methods="0" coveredmethods="0"/>
        <line num="1" count="2" type="stmt"/>
        <line num="2" count="2" type="stmt"/>
        <line num="3" count="2" type="stmt"/>
        <line num="6" count="2" type="stmt"/>
        <line num="8" count="2" type="stmt"/>
        <line num="9" count="2" type="stmt"/>
        <line num="10" count="2" type="stmt"/>
        <line num="11" count="2" type="stmt"/>
        <line num="12" count="2" type="stmt"/>
        <line num="16" count="2" type="stmt"/>
      </file>
      <file name="publishRoutes.ts" path="/home/ludmila/Driven/bcntour-back/src/routes/publishRoutes.ts">
        <metrics statements="17" coveredstatements="17" conditionals="0" coveredconditionals="0" methods="0" coveredmethods="0"/>
        <line num="1" count="2" type="stmt"/>
        <line num="2" count="2" type="stmt"/>
        <line num="3" count="2" type="stmt"/>
        <line num="4" count="2" type="stmt"/>
        <line num="7" count="2" type="stmt"/>
        <line num="9" count="2" type="stmt"/>
        <line num="10" count="2" type="stmt"/>
        <line num="11" count="2" type="stmt"/>
        <line num="12" count="2" type="stmt"/>
        <line num="13" count="2" type="stmt"/>
        <line num="14" count="2" type="stmt"/>
        <line num="15" count="2" type="stmt"/>
        <line num="16" count="2" type="stmt"/>
        <line num="17" count="2" type="stmt"/>
        <line num="18" count="2" type="stmt"/>
        <line num="19" count="2" type="stmt"/>
        <line num="20" count="2" type="stmt"/>
      </file>
      <file name="router.ts" path="/home/ludmila/Driven/bcntour-back/src/routes/router.ts">
        <metrics statements="11" coveredstatements="11" conditionals="0" coveredconditionals="0" methods="0" coveredmethods="0"/>
        <line num="1" count="2" type="stmt"/>
        <line num="2" count="2" type="stmt"/>
        <line num="3" count="2" type="stmt"/>
        <line num="4" count="2" type="stmt"/>
        <line num="5" count="2" type="stmt"/>
        <line num="8" count="2" type="stmt"/>
        <line num="10" count="2" type="stmt"/>
        <line num="11" count="2" type="stmt"/>
        <line num="12" count="2" type="stmt"/>
        <line num="13" count="2" type="stmt"/>
        <line num="16" count="2" type="stmt"/>
      </file>
      <file name="userRoutes.ts" path="/home/ludmila/Driven/bcntour-back/src/routes/userRoutes.ts">
        <metrics statements="15" coveredstatements="15" conditionals="0" coveredconditionals="0" methods="0" coveredmethods="0"/>
        <line num="1" count="2" type="stmt"/>
        <line num="2" count="2" type="stmt"/>
        <line num="3" count="2" type="stmt"/>
        <line num="4" count="2" type="stmt"/>
        <line num="5" count="2" type="stmt"/>
        <line num="7" count="2" type="stmt"/>
        <line num="8" count="2" type="stmt"/>
        <line num="9" count="2" type="stmt"/>
        <line num="10" count="2" type="stmt"/>
        <line num="11" count="2" type="stmt"/>
        <line num="12" count="2" type="stmt"/>
        <line num="13" count="2" type="stmt"/>
        <line num="14" count="2" type="stmt"/>
        <line num="15" count="2" type="stmt"/>
        <line num="16" count="2" type="stmt"/>
      </file>
    </package>
    <package name="src.schemas">
      <metrics statements="7" coveredstatements="7" conditionals="0" coveredconditionals="0" methods="0" coveredmethods="0"/>
      <file name="optionSchema.ts" path="/home/ludmila/Driven/bcntour-back/src/schemas/optionSchema.ts">
        <metrics statements="2" coveredstatements="2" conditionals="0" coveredconditionals="0" methods="0" coveredmethods="0"/>
        <line num="1" count="2" type="stmt"/>
        <line num="5" count="2" type="stmt"/>
      </file>
      <file name="publishSchema.ts" path="/home/ludmila/Driven/bcntour-back/src/schemas/publishSchema.ts">
        <metrics statements="2" coveredstatements="2" conditionals="0" coveredconditionals="0" methods="0" coveredmethods="0"/>
        <line num="1" count="2" type="stmt"/>
        <line num="5" count="2" type="stmt"/>
      </file>
      <file name="userSchema.ts" path="/home/ludmila/Driven/bcntour-back/src/schemas/userSchema.ts">
        <metrics statements="3" coveredstatements="3" conditionals="0" coveredconditionals="0" methods="0" coveredmethods="0"/>
        <line num="1" count="2" type="stmt"/>
        <line num="5" count="2" type="stmt"/>
        <line num="16" count="2" type="stmt"/>
      </file>
    </package>
    <package name="src.services">
      <metrics statements="175" coveredstatements="57" conditionals="41" coveredconditionals="2" methods="33" coveredmethods="3"/>
      <file name="localizationService.ts" path="/home/ludmila/Driven/bcntour-back/src/services/localizationService.ts">
        <metrics statements="32" coveredstatements="9" conditionals="9" coveredconditionals="0" methods="7" coveredmethods="0"/>
        <line num="3" count="2" type="stmt"/>
        <line num="4" count="2" type="stmt"/>
        <line num="6" count="2" type="stmt"/>
        <line num="7" count="0" type="stmt"/>
        <line num="9" count="0" type="cond" truecount="0" falsecount="1"/>
        <line num="11" count="0" type="stmt"/>
        <line num="13" count="2" type="stmt"/>
        <line num="15" count="0" type="stmt"/>
        <line num="16" count="0" type="cond" truecount="0" falsecount="1"/>
        <line num="18" count="0" type="stmt"/>
        <line num="21" count="2" type="stmt"/>
        <line num="23" count="0" type="stmt"/>
        <line num="24" count="0" type="cond" truecount="0" falsecount="1"/>
        <line num="26" count="0" type="stmt"/>
        <line num="31" count="2" type="stmt"/>
        <line num="33" count="0" type="cond" truecount="0" falsecount="1"/>
        <line num="34" count="0" type="stmt"/>
        <line num="36" count="0" type="cond" truecount="0" falsecount="1"/>
        <line num="38" count="0" type="stmt"/>
        <line num="41" count="2" type="stmt"/>
        <line num="42" count="0" type="stmt"/>
        <line num="43" count="0" type="cond" truecount="0" falsecount="1"/>
        <line num="45" count="0" type="stmt"/>
        <line num="47" count="2" type="stmt"/>
        <line num="48" count="0" type="stmt"/>
        <line num="49" count="0" type="cond" truecount="0" falsecount="1"/>
        <line num="51" count="0" type="stmt"/>
        <line num="55" count="2" type="stmt"/>
        <line num="56" count="0" type="cond" truecount="0" falsecount="1"/>
        <line num="58" count="0" type="stmt"/>
        <line num="60" count="0" type="cond" truecount="0" falsecount="1"/>
        <line num="61" count="0" type="stmt"/>
      </file>
      <file name="optionService.ts" path="/home/ludmila/Driven/bcntour-back/src/services/optionService.ts">
        <metrics statements="24" coveredstatements="7" conditionals="7" coveredconditionals="0" methods="5" coveredmethods="0"/>
        <line num="3" count="2" type="stmt"/>
        <line num="4" count="2" type="stmt"/>
        <line num="6" count="2" type="stmt"/>
        <line num="7" count="0" type="stmt"/>
        <line num="9" count="0" type="cond" truecount="0" falsecount="1"/>
        <line num="11" count="0" type="stmt"/>
        <line num="14" count="2" type="stmt"/>
        <line num="16" count="0" type="cond" truecount="0" falsecount="1"/>
        <line num="17" count="0" type="stmt"/>
        <line num="19" count="0" type="cond" truecount="0" falsecount="1"/>
        <line num="21" count="0" type="stmt"/>
        <line num="24" count="2" type="stmt"/>
        <line num="25" count="0" type="stmt"/>
        <line num="26" count="0" type="cond" truecount="0" falsecount="1"/>
        <line num="28" count="0" type="stmt"/>
        <line num="30" count="2" type="stmt"/>
        <line num="31" count="0" type="stmt"/>
        <line num="32" count="0" type="cond" truecount="0" falsecount="1"/>
        <line num="34" count="0" type="stmt"/>
        <line num="38" count="2" type="stmt"/>
        <line num="39" count="0" type="cond" truecount="0" falsecount="1"/>
        <line num="41" count="0" type="stmt"/>
        <line num="43" count="0" type="cond" truecount="0" falsecount="1"/>
        <line num="44" count="0" type="stmt"/>
      </file>
      <file name="publishService.ts" path="/home/ludmila/Driven/bcntour-back/src/services/publishService.ts">
        <metrics statements="61" coveredstatements="17" conditionals="14" coveredconditionals="0" methods="11" coveredmethods="0"/>
        <line num="3" count="2" type="stmt"/>
        <line num="4" count="2" type="stmt"/>
        <line num="5" count="2" type="stmt"/>
        <line num="6" count="2" type="stmt"/>
        <line num="7" count="2" type="stmt"/>
        <line num="8" count="2" type="stmt"/>
        <line num="10" count="2" type="stmt"/>
        <line num="11" count="0" type="stmt"/>
        <line num="18" count="0" type="stmt"/>
        <line num="23" count="2" type="stmt"/>
        <line num="25" count="0" type="cond" truecount="0" falsecount="1"/>
        <line num="26" count="0" type="stmt"/>
        <line num="28" count="0" type="cond" truecount="0" falsecount="1"/>
        <line num="30" count="0" type="stmt"/>
        <line num="33" count="2" type="stmt"/>
        <line num="35" count="0" type="stmt"/>
        <line num="36" count="0" type="cond" truecount="0" falsecount="1"/>
        <line num="38" count="0" type="stmt"/>
        <line num="39" count="0" type="cond" truecount="0" falsecount="1"/>
        <line num="41" count="0" type="stmt"/>
        <line num="42" count="0" type="stmt"/>
        <line num="49" count="0" type="cond" truecount="0" falsecount="1"/>
        <line num="52" count="0" type="stmt"/>
        <line num="54" count="0" type="stmt"/>
        <line num="59" count="0" type="stmt"/>
        <line num="64" count="0" type="stmt"/>
        <line num="75" count="0" type="stmt"/>
        <line num="78" count="2" type="stmt"/>
        <line num="80" count="0" type="stmt"/>
        <line num="81" count="0" type="cond" truecount="0" falsecount="1"/>
        <line num="83" count="0" type="stmt"/>
        <line num="87" count="2" type="stmt"/>
        <line num="88" count="0" type="cond" truecount="0" falsecount="1"/>
        <line num="89" count="0" type="stmt"/>
        <line num="90" count="0" type="cond" truecount="0" falsecount="1"/>
        <line num="92" count="0" type="stmt"/>
        <line num="95" count="2" type="stmt"/>
        <line num="97" count="0" type="stmt"/>
        <line num="99" count="0" type="cond" truecount="0" falsecount="1"/>
        <line num="100" count="0" type="stmt"/>
        <line num="102" count="2" type="stmt"/>
        <line num="104" count="0" type="stmt"/>
        <line num="106" count="0" type="cond" truecount="0" falsecount="1"/>
        <line num="108" count="0" type="stmt"/>
        <line num="111" count="2" type="stmt"/>
        <line num="113" count="0" type="stmt"/>
        <line num="115" count="0" type="cond" truecount="0" falsecount="1"/>
        <line num="116" count="0" type="stmt"/>
        <line num="118" count="2" type="stmt"/>
        <line num="120" count="0" type="stmt"/>
        <line num="121" count="0" type="cond" truecount="0" falsecount="1"/>
        <line num="124" count="0" type="stmt"/>
        <line num="127" count="2" type="stmt"/>
        <line num="129" count="0" type="stmt"/>
        <line num="130" count="0" type="cond" truecount="0" falsecount="1"/>
        <line num="132" count="0" type="stmt"/>
        <line num="135" count="2" type="stmt"/>
        <line num="137" count="0" type="stmt"/>
        <line num="139" count="0" type="cond" truecount="0" falsecount="1"/>
        <line num="142" count="0" type="stmt"/>
        <line num="144" count="0" type="stmt"/>
      </file>
      <file name="userService.ts" path="/home/ludmila/Driven/bcntour-back/src/services/userService.ts">
        <metrics statements="58" coveredstatements="24" conditionals="11" coveredconditionals="2" methods="10" coveredmethods="3"/>
        <line num="2" count="2" type="stmt"/>
        <line num="3" count="2" type="stmt"/>
        <line num="4" count="2" type="stmt"/>
        <line num="5" count="2" type="stmt"/>
        <line num="6" count="2" type="stmt"/>
        <line num="8" count="2" type="stmt"/>
        <line num="10" count="2" type="stmt"/>
        <line num="13" count="2" type="stmt"/>
        <line num="15" count="2" type="stmt"/>
        <line num="16" count="1" type="stmt"/>
        <line num="17" count="1" type="cond" truecount="1" falsecount="0"/>
        <line num="18" count="1" type="stmt"/>
        <line num="20" count="0" type="stmt"/>
        <line num="21" count="0" type="stmt"/>
        <line num="22" count="0" type="stmt"/>
        <line num="25" count="2" type="stmt"/>
        <line num="27" count="1" type="stmt"/>
        <line num="28" count="0" type="stmt"/>
        <line num="30" count="0" type="stmt"/>
        <line num="34" count="0" type="stmt"/>
        <line num="36" count="2" type="stmt"/>
        <line num="37" count="1" type="stmt"/>
        <line num="38" count="1" type="cond" truecount="1" falsecount="0"/>
        <line num="40" count="0" type="stmt"/>
        <line num="41" count="0" type="stmt"/>
        <line num="42" count="0" type="cond" truecount="0" falsecount="1"/>
        <line num="44" count="0" type="stmt"/>
        <line num="46" count="2" type="stmt"/>
        <line num="47" count="0" type="stmt"/>
        <line num="48" count="0" type="cond" truecount="0" falsecount="1"/>
        <line num="51" count="0" type="stmt"/>
        <line num="53" count="2" type="stmt"/>
        <line num="54" count="0" type="cond" truecount="0" falsecount="1"/>
        <line num="56" count="0" type="stmt"/>
        <line num="57" count="0" type="cond" truecount="0" falsecount="1"/>
        <line num="60" count="0" type="stmt"/>
        <line num="61" count="0" type="stmt"/>
        <line num="62" count="0" type="stmt"/>
        <line num="66" count="2" type="stmt"/>
        <line num="68" count="0" type="stmt"/>
        <line num="69" count="0" type="cond" truecount="0" falsecount="1"/>
        <line num="71" count="0" type="stmt"/>
        <line num="75" count="2" type="stmt"/>
        <line num="77" count="0" type="stmt"/>
        <line num="78" count="0" type="cond" truecount="0" falsecount="1"/>
        <line num="80" count="0" type="stmt"/>
        <line num="83" count="2" type="stmt"/>
        <line num="85" count="0" type="stmt"/>
        <line num="86" count="0" type="cond" truecount="0" falsecount="1"/>
        <line num="88" count="0" type="stmt"/>
        <line num="91" count="2" type="stmt"/>
        <line num="93" count="0" type="stmt"/>
        <line num="94" count="0" type="cond" truecount="0" falsecount="1"/>
        <line num="96" count="0" type="stmt"/>
        <line num="99" count="2" type="stmt"/>
        <line num="101" count="0" type="stmt"/>
        <line num="102" count="0" type="cond" truecount="0" falsecount="1"/>
        <line num="104" count="0" type="stmt"/>
      </file>
    </package>
    <package name="tests.integration.factories">
      <metrics statements="3" coveredstatements="3" conditionals="0" coveredconditionals="0" methods="1" coveredmethods="1"/>
      <file name="theatreFactory.ts" path="/home/ludmila/Driven/bcntour-back/tests/integration/factories/theatreFactory.ts">
        <metrics statements="3" coveredstatements="3" conditionals="0" coveredconditionals="0" methods="1" coveredmethods="1"/>
        <line num="1" count="1" type="stmt"/>
        <line num="4" count="1" type="stmt"/>
        <line num="5" count="1" type="stmt"/>
      </file>
    </package>
  </project>
</coverage>
