{"/home/ludmila/Driven/bcntour-back/src/index.ts": {"path":"/home/ludmila/Driven/bcntour-back/src/index.ts","statementMap":{"0":{"start":{"line":1,"column":0},"end":{"line":1,"column":38}},"1":{"start":{"line":2,"column":0},"end":{"line":2,"column":29}},"2":{"start":{"line":3,"column":0},"end":{"line":3,"column":28}},"3":{"start":{"line":4,"column":0},"end":{"line":4,"column":24}},"4":{"start":{"line":7,"column":0},"end":{"line":7,"column":16}},"5":{"start":{"line":9,"column":0},"end":{"line":9,"column":40}},"6":{"start":{"line":10,"column":0},"end":{"line":10,"column":60}},"7":{"start":{"line":12,"column":12},"end":{"line":12,"column":21}},"8":{"start":{"line":14,"column":0},"end":{"line":14,"column":16}},"9":{"start":{"line":15,"column":0},"end":{"line":15,"column":16}},"10":{"start":{"line":17,"column":0},"end":{"line":17,"column":16}},"11":{"start":{"line":18,"column":0},"end":{"line":18,"column":null}},"12":{"start":{"line":20,"column":0},"end":{"line":20,"column":null}}},"fnMap":{},"branchMap":{},"s":{"0":2,"1":2,"2":2,"3":2,"4":2,"5":2,"6":2,"7":2,"8":2,"9":2,"10":2,"11":2,"12":2},"f":{},"b":{}}
,"/home/ludmila/Driven/bcntour-back/src/controllers/localizationController.ts": {"path":"/home/ludmila/Driven/bcntour-back/src/controllers/localizationController.ts","statementMap":{"0":{"start":{"line":2,"column":0},"end":{"line":2,"column":73}},"1":{"start":{"line":7,"column":19},"end":{"line":7,"column":53}},"2":{"start":{"line":8,"column":4},"end":{"line":8,"column":40}},"3":{"start":{"line":5,"column":0},"end":{"line":5,"column":22}},"4":{"start":{"line":11,"column":14},"end":{"line":11,"column":41}},"5":{"start":{"line":12,"column":19},"end":{"line":12,"column":67}},"6":{"start":{"line":13,"column":4},"end":{"line":13,"column":40}},"7":{"start":{"line":10,"column":0},"end":{"line":10,"column":22}},"8":{"start":{"line":17,"column":5},"end":{"line":17,"column":null}},"9":{"start":{"line":18,"column":18},"end":{"line":18,"column":45}},"10":{"start":{"line":19,"column":20},"end":{"line":19,"column":39}},"11":{"start":{"line":21,"column":19},"end":{"line":21,"column":80}},"12":{"start":{"line":22,"column":4},"end":{"line":22,"column":40}},"13":{"start":{"line":16,"column":0},"end":{"line":16,"column":22}},"14":{"start":{"line":26,"column":14},"end":{"line":26,"column":37}},"15":{"start":{"line":28,"column":18},"end":{"line":28,"column":54}},"16":{"start":{"line":30,"column":4},"end":{"line":30,"column":40}},"17":{"start":{"line":25,"column":0},"end":{"line":25,"column":22}},"18":{"start":{"line":35,"column":63},"end":{"line":35,"column":71}},"19":{"start":{"line":37,"column":4},"end":{"line":37,"column":null}},"20":{"start":{"line":38,"column":4},"end":{"line":38,"column":32}},"21":{"start":{"line":34,"column":0},"end":{"line":34,"column":22}},"22":{"start":{"line":42,"column":14},"end":{"line":42,"column":37}},"23":{"start":{"line":43,"column":4},"end":{"line":43,"column":null}},"24":{"start":{"line":44,"column":4},"end":{"line":44,"column":31}},"25":{"start":{"line":41,"column":0},"end":{"line":41,"column":22}},"26":{"start":{"line":49,"column":14},"end":{"line":49,"column":37}},"27":{"start":{"line":50,"column":64},"end":{"line":50,"column":72}},"28":{"start":{"line":52,"column":4},"end":{"line":52,"column":null}},"29":{"start":{"line":53,"column":4},"end":{"line":53,"column":31}},"30":{"start":{"line":48,"column":0},"end":{"line":48,"column":22}}},"fnMap":{"0":{"name":"getAll","decl":{"start":{"line":5,"column":22},"end":{"line":5,"column":28}},"loc":{"start":{"line":5,"column":54},"end":{"line":9,"column":null}}},"1":{"name":"getAllUserLocation","decl":{"start":{"line":10,"column":22},"end":{"line":10,"column":40}},"loc":{"start":{"line":10,"column":66},"end":{"line":14,"column":null}}},"2":{"name":"getLocationByRate","decl":{"start":{"line":16,"column":22},"end":{"line":16,"column":39}},"loc":{"start":{"line":16,"column":65},"end":{"line":23,"column":null}}},"3":{"name":"getOne","decl":{"start":{"line":25,"column":22},"end":{"line":25,"column":28}},"loc":{"start":{"line":25,"column":54},"end":{"line":32,"column":null}}},"4":{"name":"insert","decl":{"start":{"line":34,"column":22},"end":{"line":34,"column":28}},"loc":{"start":{"line":34,"column":54},"end":{"line":39,"column":null}}},"5":{"name":"toDelete","decl":{"start":{"line":41,"column":22},"end":{"line":41,"column":30}},"loc":{"start":{"line":41,"column":56},"end":{"line":46,"column":null}}},"6":{"name":"toUpdate","decl":{"start":{"line":48,"column":22},"end":{"line":48,"column":30}},"loc":{"start":{"line":48,"column":56},"end":{"line":54,"column":null}}}},"branchMap":{},"s":{"0":2,"1":0,"2":0,"3":2,"4":0,"5":0,"6":0,"7":2,"8":0,"9":0,"10":0,"11":0,"12":0,"13":2,"14":0,"15":0,"16":0,"17":2,"18":0,"19":0,"20":0,"21":2,"22":0,"23":0,"24":0,"25":2,"26":0,"27":0,"28":0,"29":0,"30":2},"f":{"0":0,"1":0,"2":0,"3":0,"4":0,"5":0,"6":0},"b":{}}
,"/home/ludmila/Driven/bcntour-back/src/controllers/optionController.ts": {"path":"/home/ludmila/Driven/bcntour-back/src/controllers/optionController.ts","statementMap":{"0":{"start":{"line":2,"column":0},"end":{"line":2,"column":61}},"1":{"start":{"line":7,"column":19},"end":{"line":7,"column":47}},"2":{"start":{"line":8,"column":4},"end":{"line":8,"column":40}},"3":{"start":{"line":5,"column":0},"end":{"line":5,"column":22}},"4":{"start":{"line":12,"column":14},"end":{"line":12,"column":37}},"5":{"start":{"line":14,"column":18},"end":{"line":14,"column":48}},"6":{"start":{"line":16,"column":4},"end":{"line":16,"column":40}},"7":{"start":{"line":11,"column":0},"end":{"line":11,"column":22}},"8":{"start":{"line":21,"column":45},"end":{"line":21,"column":53}},"9":{"start":{"line":23,"column":4},"end":{"line":23,"column":null}},"10":{"start":{"line":24,"column":4},"end":{"line":24,"column":32}},"11":{"start":{"line":20,"column":0},"end":{"line":20,"column":22}},"12":{"start":{"line":28,"column":14},"end":{"line":28,"column":37}},"13":{"start":{"line":29,"column":4},"end":{"line":29,"column":null}},"14":{"start":{"line":30,"column":4},"end":{"line":30,"column":31}},"15":{"start":{"line":27,"column":0},"end":{"line":27,"column":22}},"16":{"start":{"line":35,"column":14},"end":{"line":35,"column":37}},"17":{"start":{"line":36,"column":46},"end":{"line":36,"column":54}},"18":{"start":{"line":38,"column":4},"end":{"line":38,"column":null}},"19":{"start":{"line":39,"column":4},"end":{"line":39,"column":31}},"20":{"start":{"line":34,"column":0},"end":{"line":34,"column":22}}},"fnMap":{"0":{"name":"getAll","decl":{"start":{"line":5,"column":22},"end":{"line":5,"column":28}},"loc":{"start":{"line":5,"column":54},"end":{"line":9,"column":null}}},"1":{"name":"getOne","decl":{"start":{"line":11,"column":22},"end":{"line":11,"column":28}},"loc":{"start":{"line":11,"column":54},"end":{"line":18,"column":null}}},"2":{"name":"insert","decl":{"start":{"line":20,"column":22},"end":{"line":20,"column":28}},"loc":{"start":{"line":20,"column":54},"end":{"line":25,"column":null}}},"3":{"name":"toDelete","decl":{"start":{"line":27,"column":22},"end":{"line":27,"column":30}},"loc":{"start":{"line":27,"column":56},"end":{"line":32,"column":null}}},"4":{"name":"toUpdate","decl":{"start":{"line":34,"column":22},"end":{"line":34,"column":30}},"loc":{"start":{"line":34,"column":56},"end":{"line":40,"column":null}}}},"branchMap":{},"s":{"0":2,"1":0,"2":0,"3":2,"4":0,"5":0,"6":0,"7":2,"8":0,"9":0,"10":0,"11":2,"12":0,"13":0,"14":0,"15":2,"16":0,"17":0,"18":0,"19":0,"20":2},"f":{"0":0,"1":0,"2":0,"3":0,"4":0},"b":{}}
,"/home/ludmila/Driven/bcntour-back/src/controllers/publishController.ts": {"path":"/home/ludmila/Driven/bcntour-back/src/controllers/publishController.ts","statementMap":{"0":{"start":{"line":2,"column":0},"end":{"line":2,"column":63}},"1":{"start":{"line":7,"column":19},"end":{"line":7,"column":48}},"2":{"start":{"line":8,"column":4},"end":{"line":8,"column":40}},"3":{"start":{"line":5,"column":0},"end":{"line":5,"column":22}},"4":{"start":{"line":12,"column":14},"end":{"line":12,"column":37}},"5":{"start":{"line":14,"column":18},"end":{"line":14,"column":49}},"6":{"start":{"line":16,"column":4},"end":{"line":16,"column":40}},"7":{"start":{"line":11,"column":0},"end":{"line":11,"column":22}},"8":{"start":{"line":21,"column":49},"end":{"line":21,"column":57}},"9":{"start":{"line":24,"column":4},"end":{"line":24,"column":null}},"10":{"start":{"line":25,"column":4},"end":{"line":25,"column":32}},"11":{"start":{"line":20,"column":0},"end":{"line":20,"column":22}},"12":{"start":{"line":29,"column":14},"end":{"line":29,"column":37}},"13":{"start":{"line":30,"column":4},"end":{"line":30,"column":null}},"14":{"start":{"line":31,"column":4},"end":{"line":31,"column":31}},"15":{"start":{"line":28,"column":0},"end":{"line":28,"column":22}},"16":{"start":{"line":36,"column":14},"end":{"line":36,"column":37}},"17":{"start":{"line":37,"column":49},"end":{"line":37,"column":57}},"18":{"start":{"line":39,"column":4},"end":{"line":39,"column":null}},"19":{"start":{"line":40,"column":4},"end":{"line":40,"column":31}},"20":{"start":{"line":35,"column":0},"end":{"line":35,"column":22}},"21":{"start":{"line":43,"column":18},"end":{"line":43,"column":45}},"22":{"start":{"line":46,"column":19},"end":{"line":46,"column":68}},"23":{"start":{"line":47,"column":4},"end":{"line":47,"column":40}},"24":{"start":{"line":42,"column":0},"end":{"line":42,"column":22}},"25":{"start":{"line":50,"column":20},"end":{"line":50,"column":49}},"26":{"start":{"line":53,"column":19},"end":{"line":53,"column":70}},"27":{"start":{"line":55,"column":4},"end":{"line":55,"column":40}},"28":{"start":{"line":49,"column":0},"end":{"line":49,"column":22}},"29":{"start":{"line":59,"column":20},"end":{"line":59,"column":49}},"30":{"start":{"line":60,"column":17},"end":{"line":60,"column":44}},"31":{"start":{"line":63,"column":19},"end":{"line":63,"column":84}},"32":{"start":{"line":64,"column":4},"end":{"line":64,"column":null}},"33":{"start":{"line":65,"column":4},"end":{"line":65,"column":40}},"34":{"start":{"line":58,"column":0},"end":{"line":58,"column":22}},"35":{"start":{"line":69,"column":14},"end":{"line":69,"column":44}},"36":{"start":{"line":71,"column":21},"end":{"line":71,"column":29}},"37":{"start":{"line":73,"column":4},"end":{"line":73,"column":null}},"38":{"start":{"line":74,"column":4},"end":{"line":74,"column":31}},"39":{"start":{"line":68,"column":0},"end":{"line":68,"column":22}},"40":{"start":{"line":78,"column":14},"end":{"line":78,"column":44}},"41":{"start":{"line":79,"column":22},"end":{"line":79,"column":30}},"42":{"start":{"line":81,"column":4},"end":{"line":81,"column":null}},"43":{"start":{"line":82,"column":4},"end":{"line":82,"column":31}},"44":{"start":{"line":77,"column":0},"end":{"line":77,"column":22}},"45":{"start":{"line":85,"column":14},"end":{"line":85,"column":41}},"46":{"start":{"line":86,"column":20},"end":{"line":86,"column":28}},"47":{"start":{"line":89,"column":19},"end":{"line":89,"column":73}},"48":{"start":{"line":90,"column":4},"end":{"line":90,"column":null}},"49":{"start":{"line":91,"column":4},"end":{"line":91,"column":40}},"50":{"start":{"line":84,"column":0},"end":{"line":84,"column":22}}},"fnMap":{"0":{"name":"getAll","decl":{"start":{"line":5,"column":22},"end":{"line":5,"column":28}},"loc":{"start":{"line":5,"column":54},"end":{"line":9,"column":null}}},"1":{"name":"getOne","decl":{"start":{"line":11,"column":22},"end":{"line":11,"column":28}},"loc":{"start":{"line":11,"column":54},"end":{"line":18,"column":null}}},"2":{"name":"insert","decl":{"start":{"line":20,"column":22},"end":{"line":20,"column":28}},"loc":{"start":{"line":20,"column":54},"end":{"line":26,"column":null}}},"3":{"name":"toDelete","decl":{"start":{"line":28,"column":22},"end":{"line":28,"column":30}},"loc":{"start":{"line":28,"column":56},"end":{"line":33,"column":null}}},"4":{"name":"toUpdate","decl":{"start":{"line":35,"column":22},"end":{"line":35,"column":30}},"loc":{"start":{"line":35,"column":56},"end":{"line":41,"column":null}}},"5":{"name":"getPublishesByUserId","decl":{"start":{"line":42,"column":22},"end":{"line":42,"column":42}},"loc":{"start":{"line":42,"column":68},"end":{"line":48,"column":null}}},"6":{"name":"getPublishesByOption","decl":{"start":{"line":49,"column":22},"end":{"line":49,"column":42}},"loc":{"start":{"line":49,"column":68},"end":{"line":56,"column":null}}},"7":{"name":"getPublishFromUserByOption","decl":{"start":{"line":58,"column":22},"end":{"line":58,"column":48}},"loc":{"start":{"line":58,"column":74},"end":{"line":66,"column":null}}},"8":{"name":"toUpdateRate","decl":{"start":{"line":68,"column":22},"end":{"line":68,"column":34}},"loc":{"start":{"line":68,"column":60},"end":{"line":75,"column":null}}},"9":{"name":"toUpdateComent","decl":{"start":{"line":77,"column":22},"end":{"line":77,"column":36}},"loc":{"start":{"line":77,"column":62},"end":{"line":83,"column":null}}},"10":{"name":"filterPublishByRate","decl":{"start":{"line":84,"column":22},"end":{"line":84,"column":41}},"loc":{"start":{"line":84,"column":67},"end":{"line":92,"column":null}}}},"branchMap":{},"s":{"0":2,"1":0,"2":0,"3":2,"4":0,"5":0,"6":0,"7":2,"8":0,"9":0,"10":0,"11":2,"12":0,"13":0,"14":0,"15":2,"16":0,"17":0,"18":0,"19":0,"20":2,"21":0,"22":0,"23":0,"24":2,"25":0,"26":0,"27":0,"28":2,"29":0,"30":0,"31":0,"32":0,"33":0,"34":2,"35":0,"36":0,"37":0,"38":0,"39":2,"40":0,"41":0,"42":0,"43":0,"44":2,"45":0,"46":0,"47":0,"48":0,"49":0,"50":2},"f":{"0":0,"1":0,"2":0,"3":0,"4":0,"5":0,"6":0,"7":0,"8":0,"9":0,"10":0},"b":{}}
,"/home/ludmila/Driven/bcntour-back/src/controllers/userControllers.ts": {"path":"/home/ludmila/Driven/bcntour-back/src/controllers/userControllers.ts","statementMap":{"0":{"start":{"line":2,"column":0},"end":{"line":2,"column":57}},"1":{"start":{"line":7,"column":35},"end":{"line":7,"column":43}},"2":{"start":{"line":8,"column":19},"end":{"line":8,"column":52}},"3":{"start":{"line":9,"column":2},"end":{"line":9,"column":33}},"4":{"start":{"line":6,"column":0},"end":{"line":6,"column":22}},"5":{"start":{"line":13,"column":30},"end":{"line":13,"column":38}},"6":{"start":{"line":14,"column":2},"end":{"line":14,"column":37}},"7":{"start":{"line":15,"column":2},"end":{"line":15,"column":22}},"8":{"start":{"line":12,"column":0},"end":{"line":12,"column":22}},"9":{"start":{"line":19,"column":12},"end":{"line":19,"column":35}},"10":{"start":{"line":21,"column":16},"end":{"line":21,"column":50}},"11":{"start":{"line":23,"column":2},"end":{"line":23,"column":38}},"12":{"start":{"line":18,"column":0},"end":{"line":18,"column":22}},"13":{"start":{"line":27,"column":12},"end":{"line":27,"column":35}},"14":{"start":{"line":28,"column":16},"end":{"line":28,"column":48}},"15":{"start":{"line":30,"column":2},"end":{"line":30,"column":29}},"16":{"start":{"line":26,"column":0},"end":{"line":26,"column":22}},"17":{"start":{"line":34,"column":12},"end":{"line":34,"column":35}},"18":{"start":{"line":35,"column":16},"end":{"line":35,"column":24}},"19":{"start":{"line":37,"column":2},"end":{"line":37,"column":null}},"20":{"start":{"line":38,"column":2},"end":{"line":38,"column":29}},"21":{"start":{"line":33,"column":0},"end":{"line":33,"column":22}},"22":{"start":{"line":42,"column":12},"end":{"line":42,"column":35}},"23":{"start":{"line":43,"column":14},"end":{"line":43,"column":22}},"24":{"start":{"line":45,"column":2},"end":{"line":45,"column":null}},"25":{"start":{"line":46,"column":2},"end":{"line":46,"column":29}},"26":{"start":{"line":41,"column":0},"end":{"line":41,"column":22}},"27":{"start":{"line":49,"column":12},"end":{"line":49,"column":35}},"28":{"start":{"line":50,"column":16},"end":{"line":50,"column":24}},"29":{"start":{"line":52,"column":2},"end":{"line":52,"column":null}},"30":{"start":{"line":53,"column":2},"end":{"line":53,"column":29}},"31":{"start":{"line":48,"column":0},"end":{"line":48,"column":22}},"32":{"start":{"line":56,"column":12},"end":{"line":56,"column":35}},"33":{"start":{"line":57,"column":20},"end":{"line":57,"column":28}},"34":{"start":{"line":59,"column":2},"end":{"line":59,"column":null}},"35":{"start":{"line":60,"column":2},"end":{"line":60,"column":29}},"36":{"start":{"line":55,"column":0},"end":{"line":55,"column":22}},"37":{"start":{"line":63,"column":12},"end":{"line":63,"column":35}},"38":{"start":{"line":64,"column":19},"end":{"line":64,"column":27}},"39":{"start":{"line":66,"column":2},"end":{"line":66,"column":null}},"40":{"start":{"line":67,"column":2},"end":{"line":67,"column":29}},"41":{"start":{"line":62,"column":0},"end":{"line":62,"column":22}}},"fnMap":{"0":{"name":"login","decl":{"start":{"line":6,"column":22},"end":{"line":6,"column":27}},"loc":{"start":{"line":6,"column":53},"end":{"line":10,"column":null}}},"1":{"name":"signup","decl":{"start":{"line":12,"column":22},"end":{"line":12,"column":28}},"loc":{"start":{"line":12,"column":54},"end":{"line":16,"column":null}}},"2":{"name":"geById","decl":{"start":{"line":18,"column":22},"end":{"line":18,"column":28}},"loc":{"start":{"line":18,"column":54},"end":{"line":24,"column":null}}},"3":{"name":"deleteUser","decl":{"start":{"line":26,"column":22},"end":{"line":26,"column":32}},"loc":{"start":{"line":26,"column":58},"end":{"line":31,"column":null}}},"4":{"name":"toUpdate","decl":{"start":{"line":33,"column":22},"end":{"line":33,"column":30}},"loc":{"start":{"line":33,"column":56},"end":{"line":39,"column":null}}},"5":{"name":"toUpdateInfo","decl":{"start":{"line":41,"column":22},"end":{"line":41,"column":34}},"loc":{"start":{"line":41,"column":60},"end":{"line":47,"column":null}}},"6":{"name":"toUpdateName","decl":{"start":{"line":48,"column":22},"end":{"line":48,"column":34}},"loc":{"start":{"line":48,"column":60},"end":{"line":54,"column":null}}},"7":{"name":"toUpdatePhoto","decl":{"start":{"line":55,"column":22},"end":{"line":55,"column":35}},"loc":{"start":{"line":55,"column":61},"end":{"line":61,"column":null}}},"8":{"name":"toUpdateCountry","decl":{"start":{"line":62,"column":22},"end":{"line":62,"column":37}},"loc":{"start":{"line":62,"column":63},"end":{"line":68,"column":null}}}},"branchMap":{},"s":{"0":2,"1":1,"2":1,"3":0,"4":2,"5":0,"6":0,"7":0,"8":2,"9":0,"10":0,"11":0,"12":2,"13":0,"14":0,"15":0,"16":2,"17":0,"18":0,"19":0,"20":0,"21":2,"22":0,"23":0,"24":0,"25":0,"26":2,"27":0,"28":0,"29":0,"30":0,"31":2,"32":0,"33":0,"34":0,"35":0,"36":2,"37":0,"38":0,"39":0,"40":0,"41":2},"f":{"0":1,"1":0,"2":0,"3":0,"4":0,"5":0,"6":0,"7":0,"8":0},"b":{}}
,"/home/ludmila/Driven/bcntour-back/src/dbStrategy/db.ts": {"path":"/home/ludmila/Driven/bcntour-back/src/dbStrategy/db.ts","statementMap":{"0":{"start":{"line":2,"column":0},"end":{"line":2,"column":33}},"1":{"start":{"line":4,"column":25},"end":{"line":4,"column":28}},"2":{"start":{"line":5,"column":13},"end":{"line":5,"column":41}}},"fnMap":{},"branchMap":{},"s":{"0":2,"1":2,"2":2},"f":{},"b":{}}
,"/home/ludmila/Driven/bcntour-back/src/middlewares/error.ts": {"path":"/home/ludmila/Driven/bcntour-back/src/middlewares/error.ts","statementMap":{"0":{"start":{"line":3,"column":0},"end":{"line":3,"column":74}},"1":{"start":{"line":6,"column":2},"end":{"line":6,"column":null}},"2":{"start":{"line":8,"column":2},"end":{"line":11,"column":null}},"3":{"start":{"line":9,"column":23},"end":{"line":9,"column":53}},"4":{"start":{"line":10,"column":4},"end":{"line":10,"column":null}},"5":{"start":{"line":13,"column":2},"end":{"line":13,"column":22}},"6":{"start":{"line":5,"column":0},"end":{"line":5,"column":24}}},"fnMap":{"0":{"name":"handleErrorsMiddleware","decl":{"start":{"line":5,"column":24},"end":{"line":5,"column":46}},"loc":{"start":{"line":5,"column":103},"end":{"line":14,"column":1}}}},"branchMap":{"0":{"loc":{"start":{"line":8,"column":2},"end":{"line":11,"column":null}},"type":"if","locations":[{"start":{"line":8,"column":2},"end":{"line":11,"column":null}}]}},"s":{"0":2,"1":1,"2":1,"3":1,"4":1,"5":0,"6":2},"f":{"0":1},"b":{"0":[1]}}
,"/home/ludmila/Driven/bcntour-back/src/middlewares/validateSchema.ts": {"path":"/home/ludmila/Driven/bcntour-back/src/middlewares/validateSchema.ts","statementMap":{"0":{"start":{"line":2,"column":0},"end":{"line":2,"column":54}},"1":{"start":{"line":3,"column":0},"end":{"line":3,"column":58}},"2":{"start":{"line":4,"column":0},"end":{"line":4,"column":60}},"3":{"start":{"line":5,"column":0},"end":{"line":5,"column":52}},"4":{"start":{"line":8,"column":15},"end":{"line":8,"column":23}},"5":{"start":{"line":9,"column":2},"end":{"line":9,"column":null}},"6":{"start":{"line":10,"column":21},"end":{"line":10,"column":63}},"7":{"start":{"line":11,"column":2},"end":{"line":13,"column":null}},"8":{"start":{"line":12,"column":4},"end":{"line":12,"column":null}},"9":{"start":{"line":15,"column":2},"end":{"line":15,"column":null}},"10":{"start":{"line":7,"column":0},"end":{"line":7,"column":16}},"11":{"start":{"line":19,"column":15},"end":{"line":19,"column":23}},"12":{"start":{"line":20,"column":2},"end":{"line":20,"column":null}},"13":{"start":{"line":21,"column":21},"end":{"line":21,"column":62}},"14":{"start":{"line":22,"column":2},"end":{"line":24,"column":null}},"15":{"start":{"line":23,"column":4},"end":{"line":23,"column":null}},"16":{"start":{"line":26,"column":2},"end":{"line":26,"column":null}},"17":{"start":{"line":18,"column":0},"end":{"line":18,"column":16}},"18":{"start":{"line":30,"column":17},"end":{"line":30,"column":25}},"19":{"start":{"line":31,"column":2},"end":{"line":31,"column":null}},"20":{"start":{"line":32,"column":21},"end":{"line":32,"column":68}},"21":{"start":{"line":33,"column":2},"end":{"line":35,"column":null}},"22":{"start":{"line":34,"column":4},"end":{"line":34,"column":null}},"23":{"start":{"line":37,"column":2},"end":{"line":37,"column":null}},"24":{"start":{"line":29,"column":0},"end":{"line":29,"column":16}},"25":{"start":{"line":42,"column":18},"end":{"line":42,"column":26}},"26":{"start":{"line":43,"column":2},"end":{"line":43,"column":null}},"27":{"start":{"line":44,"column":20},"end":{"line":44,"column":70}},"28":{"start":{"line":45,"column":2},"end":{"line":48,"column":null}},"29":{"start":{"line":46,"column":2},"end":{"line":46,"column":null}},"30":{"start":{"line":47,"column":4},"end":{"line":47,"column":null}},"31":{"start":{"line":50,"column":2},"end":{"line":50,"column":null}},"32":{"start":{"line":41,"column":0},"end":{"line":41,"column":16}}},"fnMap":{"0":{"name":"validateSignup","decl":{"start":{"line":7,"column":16},"end":{"line":7,"column":30}},"loc":{"start":{"line":7,"column":77},"end":{"line":16,"column":1}}},"1":{"name":"validateLogin","decl":{"start":{"line":18,"column":16},"end":{"line":18,"column":29}},"loc":{"start":{"line":18,"column":76},"end":{"line":27,"column":1}}},"2":{"name":"validateOption","decl":{"start":{"line":29,"column":16},"end":{"line":29,"column":30}},"loc":{"start":{"line":29,"column":77},"end":{"line":38,"column":1}}},"3":{"name":"validatePublish","decl":{"start":{"line":41,"column":16},"end":{"line":41,"column":31}},"loc":{"start":{"line":41,"column":78},"end":{"line":51,"column":1}}}},"branchMap":{"0":{"loc":{"start":{"line":11,"column":2},"end":{"line":13,"column":null}},"type":"if","locations":[{"start":{"line":11,"column":2},"end":{"line":13,"column":null}}]},"1":{"loc":{"start":{"line":22,"column":2},"end":{"line":24,"column":null}},"type":"if","locations":[{"start":{"line":22,"column":2},"end":{"line":24,"column":null}}]},"2":{"loc":{"start":{"line":33,"column":2},"end":{"line":35,"column":null}},"type":"if","locations":[{"start":{"line":33,"column":2},"end":{"line":35,"column":null}}]},"3":{"loc":{"start":{"line":45,"column":2},"end":{"line":48,"column":null}},"type":"if","locations":[{"start":{"line":45,"column":2},"end":{"line":48,"column":null}}]}},"s":{"0":2,"1":2,"2":2,"3":2,"4":0,"5":0,"6":0,"7":0,"8":0,"9":0,"10":2,"11":1,"12":1,"13":1,"14":1,"15":0,"16":1,"17":2,"18":0,"19":0,"20":0,"21":0,"22":0,"23":0,"24":2,"25":0,"26":0,"27":0,"28":0,"29":0,"30":0,"31":0,"32":2},"f":{"0":0,"1":1,"2":0,"3":0},"b":{"0":[0],"1":[0],"2":[0],"3":[0]}}
,"/home/ludmila/Driven/bcntour-back/src/middlewares/validateToken.ts": {"path":"/home/ludmila/Driven/bcntour-back/src/middlewares/validateToken.ts","statementMap":{"0":{"start":{"line":2,"column":0},"end":{"line":2,"column":31}},"1":{"start":{"line":3,"column":0},"end":{"line":3,"column":28}},"2":{"start":{"line":4,"column":0},"end":{"line":4,"column":56}},"3":{"start":{"line":5,"column":0},"end":{"line":5,"column":52}},"4":{"start":{"line":6,"column":0},"end":{"line":6,"column":16}},"5":{"start":{"line":10,"column":24},"end":{"line":10,"column":52}},"6":{"start":{"line":11,"column":2},"end":{"line":11,"column":58}},"7":{"start":{"line":11,"column":22},"end":{"line":11,"column":58}},"8":{"start":{"line":13,"column":16},"end":{"line":13,"column":52}},"9":{"start":{"line":14,"column":2},"end":{"line":14,"column":46}},"10":{"start":{"line":14,"column":14},"end":{"line":14,"column":46}},"11":{"start":{"line":16,"column":2},"end":{"line":24,"column":null}},"12":{"start":{"line":17,"column":23},"end":{"line":17,"column":45}},"13":{"start":{"line":18,"column":23},"end":{"line":18,"column":73}},"14":{"start":{"line":19,"column":17},"end":{"line":19,"column":54}},"15":{"start":{"line":20,"column":4},"end":{"line":20,"column":27}},"16":{"start":{"line":21,"column":4},"end":{"line":21,"column":11}},"17":{"start":{"line":23,"column":4},"end":{"line":23,"column":39}},"18":{"start":{"line":8,"column":0},"end":{"line":8,"column":22}}},"fnMap":{"0":{"name":"validateTokenFunction","decl":{"start":{"line":8,"column":22},"end":{"line":8,"column":43}},"loc":{"start":{"line":8,"column":91},"end":{"line":25,"column":null}}}},"branchMap":{"0":{"loc":{"start":{"line":11,"column":2},"end":{"line":11,"column":58}},"type":"if","locations":[{"start":{"line":11,"column":2},"end":{"line":11,"column":58}}]},"1":{"loc":{"start":{"line":14,"column":2},"end":{"line":14,"column":46}},"type":"if","locations":[{"start":{"line":14,"column":2},"end":{"line":14,"column":46}}]}},"s":{"0":2,"1":2,"2":2,"3":2,"4":2,"5":0,"6":0,"7":0,"8":0,"9":0,"10":0,"11":0,"12":0,"13":0,"14":0,"15":0,"16":0,"17":0,"18":2},"f":{"0":0},"b":{"0":[0],"1":[0]}}
,"/home/ludmila/Driven/bcntour-back/src/routes/localizationRoutes.ts": {"path":"/home/ludmila/Driven/bcntour-back/src/routes/localizationRoutes.ts","statementMap":{"0":{"start":{"line":1,"column":0},"end":{"line":1,"column":33}},"1":{"start":{"line":2,"column":0},"end":{"line":2,"column":82}},"2":{"start":{"line":6,"column":27},"end":{"line":6,"column":35}},"3":{"start":{"line":8,"column":0},"end":{"line":8,"column":71}},"4":{"start":{"line":9,"column":0},"end":{"line":9,"column":75}},"5":{"start":{"line":10,"column":0},"end":{"line":10,"column":91}},"6":{"start":{"line":11,"column":0},"end":{"line":11,"column":106}},"7":{"start":{"line":12,"column":0},"end":{"line":12,"column":75}},"8":{"start":{"line":13,"column":0},"end":{"line":13,"column":78}},"9":{"start":{"line":14,"column":0},"end":{"line":14,"column":81}},"10":{"start":{"line":18,"column":0},"end":{"line":18,"column":34}}},"fnMap":{},"branchMap":{},"s":{"0":2,"1":2,"2":2,"3":2,"4":2,"5":2,"6":2,"7":2,"8":2,"9":2,"10":2},"f":{},"b":{}}
,"/home/ludmila/Driven/bcntour-back/src/routes/optionRoutes.ts": {"path":"/home/ludmila/Driven/bcntour-back/src/routes/optionRoutes.ts","statementMap":{"0":{"start":{"line":1,"column":0},"end":{"line":1,"column":33}},"1":{"start":{"line":2,"column":0},"end":{"line":2,"column":70}},"2":{"start":{"line":3,"column":0},"end":{"line":3,"column":66}},"3":{"start":{"line":6,"column":21},"end":{"line":6,"column":29}},"4":{"start":{"line":8,"column":0},"end":{"line":8,"column":53}},"5":{"start":{"line":9,"column":0},"end":{"line":9,"column":57}},"6":{"start":{"line":10,"column":0},"end":{"line":10,"column":72}},"7":{"start":{"line":11,"column":0},"end":{"line":11,"column":76}},"8":{"start":{"line":12,"column":0},"end":{"line":12,"column":63}},"9":{"start":{"line":16,"column":0},"end":{"line":16,"column":28}}},"fnMap":{},"branchMap":{},"s":{"0":2,"1":2,"2":2,"3":2,"4":2,"5":2,"6":2,"7":2,"8":2,"9":2},"f":{},"b":{}}
,"/home/ludmila/Driven/bcntour-back/src/routes/publishRoutes.ts": {"path":"/home/ludmila/Driven/bcntour-back/src/routes/publishRoutes.ts","statementMap":{"0":{"start":{"line":1,"column":0},"end":{"line":1,"column":33}},"1":{"start":{"line":2,"column":0},"end":{"line":2,"column":72}},"2":{"start":{"line":3,"column":0},"end":{"line":3,"column":67}},"3":{"start":{"line":4,"column":0},"end":{"line":4,"column":72}},"4":{"start":{"line":7,"column":22},"end":{"line":7,"column":30}},"5":{"start":{"line":9,"column":0},"end":{"line":9,"column":56}},"6":{"start":{"line":10,"column":0},"end":{"line":10,"column":60}},"7":{"start":{"line":11,"column":0},"end":{"line":11,"column":97}},"8":{"start":{"line":12,"column":0},"end":{"line":12,"column":80}},"9":{"start":{"line":13,"column":0},"end":{"line":13,"column":82}},"10":{"start":{"line":14,"column":0},"end":{"line":14,"column":109}},"11":{"start":{"line":15,"column":0},"end":{"line":15,"column":88}},"12":{"start":{"line":16,"column":0},"end":{"line":16,"column":83}},"13":{"start":{"line":17,"column":0},"end":{"line":17,"column":88}},"14":{"start":{"line":18,"column":0},"end":{"line":18,"column":96}},"15":{"start":{"line":19,"column":0},"end":{"line":19,"column":109}},"16":{"start":{"line":20,"column":0},"end":{"line":20,"column":29}}},"fnMap":{},"branchMap":{},"s":{"0":2,"1":2,"2":2,"3":2,"4":2,"5":2,"6":2,"7":2,"8":2,"9":2,"10":2,"11":2,"12":2,"13":2,"14":2,"15":2,"16":2},"f":{},"b":{}}
,"/home/ludmila/Driven/bcntour-back/src/routes/router.ts": {"path":"/home/ludmila/Driven/bcntour-back/src/routes/router.ts","statementMap":{"0":{"start":{"line":1,"column":0},"end":{"line":1,"column":33}},"1":{"start":{"line":2,"column":0},"end":{"line":2,"column":41}},"2":{"start":{"line":3,"column":0},"end":{"line":3,"column":45}},"3":{"start":{"line":4,"column":0},"end":{"line":4,"column":47}},"4":{"start":{"line":5,"column":0},"end":{"line":5,"column":57}},"5":{"start":{"line":8,"column":15},"end":{"line":8,"column":23}},"6":{"start":{"line":10,"column":0},"end":{"line":10,"column":23}},"7":{"start":{"line":11,"column":0},"end":{"line":11,"column":null}},"8":{"start":{"line":12,"column":0},"end":{"line":12,"column":null}},"9":{"start":{"line":13,"column":0},"end":{"line":13,"column":null}},"10":{"start":{"line":16,"column":0},"end":{"line":16,"column":22}}},"fnMap":{},"branchMap":{},"s":{"0":2,"1":2,"2":2,"3":2,"4":2,"5":2,"6":2,"7":2,"8":2,"9":2,"10":2},"f":{},"b":{}}
,"/home/ludmila/Driven/bcntour-back/src/routes/userRoutes.ts": {"path":"/home/ludmila/Driven/bcntour-back/src/routes/userRoutes.ts","statementMap":{"0":{"start":{"line":1,"column":0},"end":{"line":1,"column":33}},"1":{"start":{"line":2,"column":0},"end":{"line":2,"column":67}},"2":{"start":{"line":3,"column":0},"end":{"line":3,"column":61}},"3":{"start":{"line":4,"column":0},"end":{"line":4,"column":72}},"4":{"start":{"line":5,"column":19},"end":{"line":5,"column":27}},"5":{"start":{"line":7,"column":0},"end":{"line":7,"column":74}},"6":{"start":{"line":8,"column":0},"end":{"line":8,"column":76}},"7":{"start":{"line":9,"column":0},"end":{"line":9,"column":51}},"8":{"start":{"line":10,"column":0},"end":{"line":10,"column":null}},"9":{"start":{"line":11,"column":0},"end":{"line":11,"column":77}},"10":{"start":{"line":12,"column":0},"end":{"line":12,"column":85}},"11":{"start":{"line":13,"column":0},"end":{"line":13,"column":85}},"12":{"start":{"line":14,"column":0},"end":{"line":14,"column":89}},"13":{"start":{"line":15,"column":0},"end":{"line":15,"column":86}},"14":{"start":{"line":16,"column":0},"end":{"line":16,"column":26}}},"fnMap":{},"branchMap":{},"s":{"0":2,"1":2,"2":2,"3":2,"4":2,"5":2,"6":2,"7":2,"8":2,"9":2,"10":2,"11":2,"12":2,"13":2,"14":2},"f":{},"b":{}}
,"/home/ludmila/Driven/bcntour-back/src/schemas/optionSchema.ts": {"path":"/home/ludmila/Driven/bcntour-back/src/schemas/optionSchema.ts","statementMap":{"0":{"start":{"line":1,"column":0},"end":{"line":1,"column":22}},"1":{"start":{"line":5,"column":13},"end":{"line":9,"column":3}}},"fnMap":{},"branchMap":{},"s":{"0":2,"1":2},"f":{},"b":{}}
,"/home/ludmila/Driven/bcntour-back/src/schemas/publishSchema.ts": {"path":"/home/ludmila/Driven/bcntour-back/src/schemas/publishSchema.ts","statementMap":{"0":{"start":{"line":1,"column":0},"end":{"line":1,"column":22}},"1":{"start":{"line":5,"column":13},"end":{"line":14,"column":3}}},"fnMap":{},"branchMap":{},"s":{"0":2,"1":2},"f":{},"b":{}}
,"/home/ludmila/Driven/bcntour-back/src/schemas/userSchema.ts": {"path":"/home/ludmila/Driven/bcntour-back/src/schemas/userSchema.ts","statementMap":{"0":{"start":{"line":1,"column":0},"end":{"line":1,"column":22}},"1":{"start":{"line":5,"column":13},"end":{"line":13,"column":3}},"2":{"start":{"line":16,"column":13},"end":{"line":19,"column":3}}},"fnMap":{},"branchMap":{},"s":{"0":2,"1":2,"2":2},"f":{},"b":{}}
,"/home/ludmila/Driven/bcntour-back/src/services/localizationService.ts": {"path":"/home/ludmila/Driven/bcntour-back/src/services/localizationService.ts","statementMap":{"0":{"start":{"line":3,"column":0},"end":{"line":3,"column":83}},"1":{"start":{"line":4,"column":0},"end":{"line":4,"column":52}},"2":{"start":{"line":7,"column":24},"end":{"line":7,"column":61}},"3":{"start":{"line":9,"column":4},"end":{"line":9,"column":90}},"4":{"start":{"line":9,"column":30},"end":{"line":9,"column":90}},"5":{"start":{"line":11,"column":4},"end":{"line":11,"column":null}},"6":{"start":{"line":6,"column":0},"end":{"line":6,"column":22}},"7":{"start":{"line":15,"column":24},"end":{"line":15,"column":75}},"8":{"start":{"line":16,"column":4},"end":{"line":16,"column":90}},"9":{"start":{"line":16,"column":30},"end":{"line":16,"column":90}},"10":{"start":{"line":18,"column":4},"end":{"line":18,"column":null}},"11":{"start":{"line":13,"column":0},"end":{"line":13,"column":22}},"12":{"start":{"line":23,"column":24},"end":{"line":23,"column":89}},"13":{"start":{"line":24,"column":4},"end":{"line":24,"column":90}},"14":{"start":{"line":24,"column":30},"end":{"line":24,"column":90}},"15":{"start":{"line":26,"column":4},"end":{"line":26,"column":null}},"16":{"start":{"line":21,"column":0},"end":{"line":21,"column":22}},"17":{"start":{"line":33,"column":4},"end":{"line":33,"column":null}},"18":{"start":{"line":33,"column":18},"end":{"line":33,"column":null}},"19":{"start":{"line":34,"column":24},"end":{"line":34,"column":63}},"20":{"start":{"line":36,"column":4},"end":{"line":36,"column":81}},"21":{"start":{"line":36,"column":21},"end":{"line":36,"column":81}},"22":{"start":{"line":38,"column":4},"end":{"line":38,"column":null}},"23":{"start":{"line":31,"column":0},"end":{"line":31,"column":22}},"24":{"start":{"line":42,"column":30},"end":{"line":42,"column":87}},"25":{"start":{"line":43,"column":4},"end":{"line":43,"column":null}},"26":{"start":{"line":43,"column":26},"end":{"line":43,"column":null}},"27":{"start":{"line":45,"column":4},"end":{"line":45,"column":null}},"28":{"start":{"line":41,"column":0},"end":{"line":41,"column":22}},"29":{"start":{"line":48,"column":30},"end":{"line":48,"column":69}},"30":{"start":{"line":49,"column":4},"end":{"line":49,"column":null}},"31":{"start":{"line":49,"column":27},"end":{"line":49,"column":null}},"32":{"start":{"line":51,"column":4},"end":{"line":51,"column":null}},"33":{"start":{"line":47,"column":0},"end":{"line":47,"column":22}},"34":{"start":{"line":56,"column":4},"end":{"line":56,"column":null}},"35":{"start":{"line":56,"column":18},"end":{"line":56,"column":null}},"36":{"start":{"line":58,"column":29},"end":{"line":58,"column":62}},"37":{"start":{"line":60,"column":4},"end":{"line":60,"column":null}},"38":{"start":{"line":60,"column":27},"end":{"line":60,"column":null}},"39":{"start":{"line":61,"column":4},"end":{"line":61,"column":null}},"40":{"start":{"line":55,"column":0},"end":{"line":55,"column":22}}},"fnMap":{"0":{"name":"getAll","decl":{"start":{"line":6,"column":22},"end":{"line":6,"column":28}},"loc":{"start":{"line":6,"column":28},"end":{"line":12,"column":null}}},"1":{"name":"getAllUserLocation","decl":{"start":{"line":13,"column":22},"end":{"line":13,"column":40}},"loc":{"start":{"line":13,"column":50},"end":{"line":20,"column":null}}},"2":{"name":"getLocationByRate","decl":{"start":{"line":21,"column":22},"end":{"line":21,"column":39}},"loc":{"start":{"line":21,"column":71},"end":{"line":28,"column":null}}},"3":{"name":"getOne","decl":{"start":{"line":31,"column":22},"end":{"line":31,"column":28}},"loc":{"start":{"line":31,"column":38},"end":{"line":39,"column":null}}},"4":{"name":"insert","decl":{"start":{"line":41,"column":22},"end":{"line":41,"column":28}},"loc":{"start":{"line":41,"column":81},"end":{"line":46,"column":null}}},"5":{"name":"toUpdate","decl":{"start":{"line":47,"column":22},"end":{"line":47,"column":30}},"loc":{"start":{"line":47,"column":96},"end":{"line":53,"column":null}}},"6":{"name":"toDelete","decl":{"start":{"line":55,"column":22},"end":{"line":55,"column":30}},"loc":{"start":{"line":55,"column":40},"end":{"line":62,"column":null}}}},"branchMap":{"0":{"loc":{"start":{"line":9,"column":4},"end":{"line":9,"column":90}},"type":"if","locations":[{"start":{"line":9,"column":4},"end":{"line":9,"column":90}}]},"1":{"loc":{"start":{"line":16,"column":4},"end":{"line":16,"column":90}},"type":"if","locations":[{"start":{"line":16,"column":4},"end":{"line":16,"column":90}}]},"2":{"loc":{"start":{"line":24,"column":4},"end":{"line":24,"column":90}},"type":"if","locations":[{"start":{"line":24,"column":4},"end":{"line":24,"column":90}}]},"3":{"loc":{"start":{"line":33,"column":4},"end":{"line":33,"column":null}},"type":"if","locations":[{"start":{"line":33,"column":4},"end":{"line":33,"column":null}}]},"4":{"loc":{"start":{"line":36,"column":4},"end":{"line":36,"column":81}},"type":"if","locations":[{"start":{"line":36,"column":4},"end":{"line":36,"column":81}}]},"5":{"loc":{"start":{"line":43,"column":4},"end":{"line":43,"column":null}},"type":"if","locations":[{"start":{"line":43,"column":4},"end":{"line":43,"column":null}}]},"6":{"loc":{"start":{"line":49,"column":4},"end":{"line":49,"column":null}},"type":"if","locations":[{"start":{"line":49,"column":4},"end":{"line":49,"column":null}}]},"7":{"loc":{"start":{"line":56,"column":4},"end":{"line":56,"column":null}},"type":"if","locations":[{"start":{"line":56,"column":4},"end":{"line":56,"column":null}}]},"8":{"loc":{"start":{"line":60,"column":4},"end":{"line":60,"column":null}},"type":"if","locations":[{"start":{"line":60,"column":4},"end":{"line":60,"column":null}}]}},"s":{"0":2,"1":2,"2":0,"3":0,"4":0,"5":0,"6":2,"7":0,"8":0,"9":0,"10":0,"11":2,"12":0,"13":0,"14":0,"15":0,"16":2,"17":0,"18":0,"19":0,"20":0,"21":0,"22":0,"23":2,"24":0,"25":0,"26":0,"27":0,"28":2,"29":0,"30":0,"31":0,"32":0,"33":2,"34":0,"35":0,"36":0,"37":0,"38":0,"39":0,"40":2},"f":{"0":0,"1":0,"2":0,"3":0,"4":0,"5":0,"6":0},"b":{"0":[0],"1":[0],"2":[0],"3":[0],"4":[0],"5":[0],"6":[0],"7":[0],"8":[0]}}
,"/home/ludmila/Driven/bcntour-back/src/services/optionService.ts": {"path":"/home/ludmila/Driven/bcntour-back/src/services/optionService.ts","statementMap":{"0":{"start":{"line":3,"column":0},"end":{"line":3,"column":71}},"1":{"start":{"line":4,"column":0},"end":{"line":4,"column":52}},"2":{"start":{"line":7,"column":18},"end":{"line":7,"column":49}},"3":{"start":{"line":9,"column":4},"end":{"line":9,"column":79}},"4":{"start":{"line":9,"column":24},"end":{"line":9,"column":79}},"5":{"start":{"line":11,"column":4},"end":{"line":11,"column":null}},"6":{"start":{"line":6,"column":0},"end":{"line":6,"column":22}},"7":{"start":{"line":16,"column":4},"end":{"line":16,"column":null}},"8":{"start":{"line":16,"column":18},"end":{"line":16,"column":null}},"9":{"start":{"line":17,"column":18},"end":{"line":17,"column":51}},"10":{"start":{"line":19,"column":4},"end":{"line":19,"column":69}},"11":{"start":{"line":19,"column":15},"end":{"line":19,"column":69}},"12":{"start":{"line":21,"column":4},"end":{"line":21,"column":null}},"13":{"start":{"line":14,"column":0},"end":{"line":14,"column":22}},"14":{"start":{"line":25,"column":24},"end":{"line":25,"column":69}},"15":{"start":{"line":26,"column":4},"end":{"line":26,"column":null}},"16":{"start":{"line":26,"column":20},"end":{"line":26,"column":null}},"17":{"start":{"line":28,"column":4},"end":{"line":28,"column":null}},"18":{"start":{"line":24,"column":0},"end":{"line":24,"column":22}},"19":{"start":{"line":31,"column":24},"end":{"line":31,"column":57}},"20":{"start":{"line":32,"column":4},"end":{"line":32,"column":null}},"21":{"start":{"line":32,"column":21},"end":{"line":32,"column":null}},"22":{"start":{"line":34,"column":4},"end":{"line":34,"column":null}},"23":{"start":{"line":30,"column":0},"end":{"line":30,"column":22}},"24":{"start":{"line":39,"column":4},"end":{"line":39,"column":null}},"25":{"start":{"line":39,"column":18},"end":{"line":39,"column":null}},"26":{"start":{"line":41,"column":23},"end":{"line":41,"column":50}},"27":{"start":{"line":43,"column":4},"end":{"line":43,"column":null}},"28":{"start":{"line":43,"column":21},"end":{"line":43,"column":null}},"29":{"start":{"line":44,"column":4},"end":{"line":44,"column":null}},"30":{"start":{"line":38,"column":0},"end":{"line":38,"column":22}}},"fnMap":{"0":{"name":"getAll","decl":{"start":{"line":6,"column":22},"end":{"line":6,"column":28}},"loc":{"start":{"line":6,"column":28},"end":{"line":12,"column":null}}},"1":{"name":"getOne","decl":{"start":{"line":14,"column":22},"end":{"line":14,"column":28}},"loc":{"start":{"line":14,"column":38},"end":{"line":22,"column":null}}},"2":{"name":"insert","decl":{"start":{"line":24,"column":22},"end":{"line":24,"column":28}},"loc":{"start":{"line":24,"column":63},"end":{"line":29,"column":null}}},"3":{"name":"toUpdate","decl":{"start":{"line":30,"column":22},"end":{"line":30,"column":30}},"loc":{"start":{"line":30,"column":78},"end":{"line":36,"column":null}}},"4":{"name":"toDelete","decl":{"start":{"line":38,"column":22},"end":{"line":38,"column":30}},"loc":{"start":{"line":38,"column":40},"end":{"line":45,"column":null}}}},"branchMap":{"0":{"loc":{"start":{"line":9,"column":4},"end":{"line":9,"column":79}},"type":"if","locations":[{"start":{"line":9,"column":4},"end":{"line":9,"column":79}}]},"1":{"loc":{"start":{"line":16,"column":4},"end":{"line":16,"column":null}},"type":"if","locations":[{"start":{"line":16,"column":4},"end":{"line":16,"column":null}}]},"2":{"loc":{"start":{"line":19,"column":4},"end":{"line":19,"column":69}},"type":"if","locations":[{"start":{"line":19,"column":4},"end":{"line":19,"column":69}}]},"3":{"loc":{"start":{"line":26,"column":4},"end":{"line":26,"column":null}},"type":"if","locations":[{"start":{"line":26,"column":4},"end":{"line":26,"column":null}}]},"4":{"loc":{"start":{"line":32,"column":4},"end":{"line":32,"column":null}},"type":"if","locations":[{"start":{"line":32,"column":4},"end":{"line":32,"column":null}}]},"5":{"loc":{"start":{"line":39,"column":4},"end":{"line":39,"column":null}},"type":"if","locations":[{"start":{"line":39,"column":4},"end":{"line":39,"column":null}}]},"6":{"loc":{"start":{"line":43,"column":4},"end":{"line":43,"column":null}},"type":"if","locations":[{"start":{"line":43,"column":4},"end":{"line":43,"column":null}}]}},"s":{"0":2,"1":2,"2":0,"3":0,"4":0,"5":0,"6":2,"7":0,"8":0,"9":0,"10":0,"11":0,"12":0,"13":2,"14":0,"15":0,"16":0,"17":0,"18":2,"19":0,"20":0,"21":0,"22":0,"23":2,"24":0,"25":0,"26":0,"27":0,"28":0,"29":0,"30":2},"f":{"0":0,"1":0,"2":0,"3":0,"4":0},"b":{"0":[0],"1":[0],"2":[0],"3":[0],"4":[0],"5":[0],"6":[0]}}
,"/home/ludmila/Driven/bcntour-back/src/services/publishService.ts": {"path":"/home/ludmila/Driven/bcntour-back/src/services/publishService.ts","statementMap":{"0":{"start":{"line":3,"column":0},"end":{"line":3,"column":73}},"1":{"start":{"line":4,"column":0},"end":{"line":4,"column":67}},"2":{"start":{"line":5,"column":0},"end":{"line":5,"column":71}},"3":{"start":{"line":6,"column":0},"end":{"line":6,"column":83}},"4":{"start":{"line":7,"column":0},"end":{"line":7,"column":52}},"5":{"start":{"line":8,"column":0},"end":{"line":8,"column":84}},"6":{"start":{"line":11,"column":19},"end":{"line":11,"column":67}},"7":{"start":{"line":18,"column":3},"end":{"line":18,"column":null}},"8":{"start":{"line":10,"column":0},"end":{"line":10,"column":22}},"9":{"start":{"line":25,"column":4},"end":{"line":25,"column":null}},"10":{"start":{"line":25,"column":18},"end":{"line":25,"column":null}},"11":{"start":{"line":26,"column":19},"end":{"line":26,"column":53}},"12":{"start":{"line":28,"column":4},"end":{"line":28,"column":71}},"13":{"start":{"line":28,"column":16},"end":{"line":28,"column":71}},"14":{"start":{"line":30,"column":4},"end":{"line":30,"column":null}},"15":{"start":{"line":23,"column":0},"end":{"line":23,"column":22}},"16":{"start":{"line":35,"column":23},"end":{"line":35,"column":68}},"17":{"start":{"line":36,"column":4},"end":{"line":36,"column":null}},"18":{"start":{"line":36,"column":21},"end":{"line":36,"column":null}},"19":{"start":{"line":38,"column":24},"end":{"line":38,"column":71}},"20":{"start":{"line":39,"column":4},"end":{"line":39,"column":null}},"21":{"start":{"line":39,"column":23},"end":{"line":39,"column":null}},"22":{"start":{"line":41,"column":29},"end":{"line":41,"column":93}},"23":{"start":{"line":42,"column":29},"end":{"line":46,"column":null}},"24":{"start":{"line":49,"column":4},"end":{"line":49,"column":null}},"25":{"start":{"line":49,"column":27},"end":{"line":49,"column":null}},"26":{"start":{"line":52,"column":28},"end":{"line":52,"column":92}},"27":{"start":{"line":54,"column":16},"end":{"line":58,"column":null}},"28":{"start":{"line":59,"column":4},"end":{"line":59,"column":null}},"29":{"start":{"line":64,"column":27},"end":{"line":72,"column":null}},"30":{"start":{"line":75,"column":4},"end":{"line":75,"column":null}},"31":{"start":{"line":33,"column":0},"end":{"line":33,"column":22}},"32":{"start":{"line":80,"column":24},"end":{"line":80,"column":58}},"33":{"start":{"line":81,"column":4},"end":{"line":81,"column":null}},"34":{"start":{"line":81,"column":22},"end":{"line":81,"column":null}},"35":{"start":{"line":83,"column":4},"end":{"line":83,"column":null}},"36":{"start":{"line":78,"column":0},"end":{"line":78,"column":22}},"37":{"start":{"line":88,"column":4},"end":{"line":88,"column":null}},"38":{"start":{"line":88,"column":18},"end":{"line":88,"column":null}},"39":{"start":{"line":89,"column":24},"end":{"line":89,"column":58}},"40":{"start":{"line":90,"column":4},"end":{"line":90,"column":null}},"41":{"start":{"line":90,"column":22},"end":{"line":90,"column":null}},"42":{"start":{"line":92,"column":4},"end":{"line":92,"column":null}},"43":{"start":{"line":87,"column":0},"end":{"line":87,"column":22}},"44":{"start":{"line":97,"column":20},"end":{"line":97,"column":72}},"45":{"start":{"line":99,"column":4},"end":{"line":99,"column":74}},"46":{"start":{"line":99,"column":18},"end":{"line":99,"column":74}},"47":{"start":{"line":100,"column":4},"end":{"line":100,"column":null}},"48":{"start":{"line":95,"column":0},"end":{"line":95,"column":22}},"49":{"start":{"line":104,"column":20},"end":{"line":104,"column":74}},"50":{"start":{"line":106,"column":4},"end":{"line":106,"column":69}},"51":{"start":{"line":106,"column":18},"end":{"line":106,"column":69}},"52":{"start":{"line":108,"column":4},"end":{"line":108,"column":null}},"53":{"start":{"line":102,"column":0},"end":{"line":102,"column":22}},"54":{"start":{"line":113,"column":20},"end":{"line":113,"column":88}},"55":{"start":{"line":115,"column":4},"end":{"line":115,"column":69}},"56":{"start":{"line":115,"column":18},"end":{"line":115,"column":69}},"57":{"start":{"line":116,"column":4},"end":{"line":116,"column":null}},"58":{"start":{"line":111,"column":0},"end":{"line":111,"column":22}},"59":{"start":{"line":120,"column":24},"end":{"line":120,"column":58}},"60":{"start":{"line":121,"column":4},"end":{"line":121,"column":null}},"61":{"start":{"line":121,"column":22},"end":{"line":121,"column":null}},"62":{"start":{"line":124,"column":4},"end":{"line":124,"column":null}},"63":{"start":{"line":118,"column":0},"end":{"line":118,"column":22}},"64":{"start":{"line":129,"column":24},"end":{"line":129,"column":58}},"65":{"start":{"line":130,"column":4},"end":{"line":130,"column":null}},"66":{"start":{"line":130,"column":22},"end":{"line":130,"column":null}},"67":{"start":{"line":132,"column":4},"end":{"line":132,"column":null}},"68":{"start":{"line":127,"column":0},"end":{"line":127,"column":22}},"69":{"start":{"line":137,"column":17},"end":{"line":137,"column":50}},"70":{"start":{"line":139,"column":4},"end":{"line":139,"column":64}},"71":{"start":{"line":139,"column":15},"end":{"line":139,"column":64}},"72":{"start":{"line":142,"column":18},"end":{"line":142,"column":76}},"73":{"start":{"line":144,"column":4},"end":{"line":144,"column":null}},"74":{"start":{"line":135,"column":0},"end":{"line":135,"column":22}}},"fnMap":{"0":{"name":"getAll","decl":{"start":{"line":10,"column":22},"end":{"line":10,"column":28}},"loc":{"start":{"line":10,"column":28},"end":{"line":21,"column":null}}},"1":{"name":"getOne","decl":{"start":{"line":23,"column":22},"end":{"line":23,"column":28}},"loc":{"start":{"line":23,"column":38},"end":{"line":31,"column":null}}},"2":{"name":"insert","decl":{"start":{"line":33,"column":22},"end":{"line":33,"column":28}},"loc":{"start":{"line":33,"column":67},"end":{"line":76,"column":null}}},"3":{"name":"toUpdate","decl":{"start":{"line":78,"column":22},"end":{"line":78,"column":30}},"loc":{"start":{"line":78,"column":81},"end":{"line":85,"column":null}}},"4":{"name":"toDelete","decl":{"start":{"line":87,"column":22},"end":{"line":87,"column":30}},"loc":{"start":{"line":87,"column":40},"end":{"line":93,"column":null}}},"5":{"name":"getPublishesByUserId","decl":{"start":{"line":95,"column":22},"end":{"line":95,"column":42}},"loc":{"start":{"line":95,"column":56},"end":{"line":101,"column":null}}},"6":{"name":"getPublishesByOption","decl":{"start":{"line":102,"column":22},"end":{"line":102,"column":42}},"loc":{"start":{"line":102,"column":58},"end":{"line":109,"column":null}}},"7":{"name":"getPublishFromUserByOption","decl":{"start":{"line":111,"column":22},"end":{"line":111,"column":48}},"loc":{"start":{"line":111,"column":79},"end":{"line":117,"column":null}}},"8":{"name":"toUpdateRate","decl":{"start":{"line":118,"column":22},"end":{"line":118,"column":34}},"loc":{"start":{"line":118,"column":62},"end":{"line":126,"column":null}}},"9":{"name":"toUpdateComent","decl":{"start":{"line":127,"column":22},"end":{"line":127,"column":36}},"loc":{"start":{"line":127,"column":62},"end":{"line":134,"column":null}}},"10":{"name":"filterPublishByRate","decl":{"start":{"line":135,"column":22},"end":{"line":135,"column":41}},"loc":{"start":{"line":135,"column":69},"end":{"line":145,"column":null}}}},"branchMap":{"0":{"loc":{"start":{"line":25,"column":4},"end":{"line":25,"column":null}},"type":"if","locations":[{"start":{"line":25,"column":4},"end":{"line":25,"column":null}}]},"1":{"loc":{"start":{"line":28,"column":4},"end":{"line":28,"column":71}},"type":"if","locations":[{"start":{"line":28,"column":4},"end":{"line":28,"column":71}}]},"2":{"loc":{"start":{"line":36,"column":4},"end":{"line":36,"column":null}},"type":"if","locations":[{"start":{"line":36,"column":4},"end":{"line":36,"column":null}}]},"3":{"loc":{"start":{"line":39,"column":4},"end":{"line":39,"column":null}},"type":"if","locations":[{"start":{"line":39,"column":4},"end":{"line":39,"column":null}}]},"4":{"loc":{"start":{"line":49,"column":4},"end":{"line":49,"column":null}},"type":"if","locations":[{"start":{"line":49,"column":4},"end":{"line":49,"column":null}}]},"5":{"loc":{"start":{"line":81,"column":4},"end":{"line":81,"column":null}},"type":"if","locations":[{"start":{"line":81,"column":4},"end":{"line":81,"column":null}}]},"6":{"loc":{"start":{"line":88,"column":4},"end":{"line":88,"column":null}},"type":"if","locations":[{"start":{"line":88,"column":4},"end":{"line":88,"column":null}}]},"7":{"loc":{"start":{"line":90,"column":4},"end":{"line":90,"column":null}},"type":"if","locations":[{"start":{"line":90,"column":4},"end":{"line":90,"column":null}}]},"8":{"loc":{"start":{"line":99,"column":4},"end":{"line":99,"column":74}},"type":"if","locations":[{"start":{"line":99,"column":4},"end":{"line":99,"column":74}}]},"9":{"loc":{"start":{"line":106,"column":4},"end":{"line":106,"column":69}},"type":"if","locations":[{"start":{"line":106,"column":4},"end":{"line":106,"column":69}}]},"10":{"loc":{"start":{"line":115,"column":4},"end":{"line":115,"column":69}},"type":"if","locations":[{"start":{"line":115,"column":4},"end":{"line":115,"column":69}}]},"11":{"loc":{"start":{"line":121,"column":4},"end":{"line":121,"column":null}},"type":"if","locations":[{"start":{"line":121,"column":4},"end":{"line":121,"column":null}}]},"12":{"loc":{"start":{"line":130,"column":4},"end":{"line":130,"column":null}},"type":"if","locations":[{"start":{"line":130,"column":4},"end":{"line":130,"column":null}}]},"13":{"loc":{"start":{"line":139,"column":4},"end":{"line":139,"column":64}},"type":"if","locations":[{"start":{"line":139,"column":4},"end":{"line":139,"column":64}}]}},"s":{"0":2,"1":2,"2":2,"3":2,"4":2,"5":2,"6":0,"7":0,"8":2,"9":0,"10":0,"11":0,"12":0,"13":0,"14":0,"15":2,"16":0,"17":0,"18":0,"19":0,"20":0,"21":0,"22":0,"23":0,"24":0,"25":0,"26":0,"27":0,"28":0,"29":0,"30":0,"31":2,"32":0,"33":0,"34":0,"35":0,"36":2,"37":0,"38":0,"39":0,"40":0,"41":0,"42":0,"43":2,"44":0,"45":0,"46":0,"47":0,"48":2,"49":0,"50":0,"51":0,"52":0,"53":2,"54":0,"55":0,"56":0,"57":0,"58":2,"59":0,"60":0,"61":0,"62":0,"63":2,"64":0,"65":0,"66":0,"67":0,"68":2,"69":0,"70":0,"71":0,"72":0,"73":0,"74":2},"f":{"0":0,"1":0,"2":0,"3":0,"4":0,"5":0,"6":0,"7":0,"8":0,"9":0,"10":0},"b":{"0":[0],"1":[0],"2":[0],"3":[0],"4":[0],"5":[0],"6":[0],"7":[0],"8":[0],"9":[0],"10":[0],"11":[0],"12":[0],"13":[0]}}
,"/home/ludmila/Driven/bcntour-back/src/services/userService.ts": {"path":"/home/ludmila/Driven/bcntour-back/src/services/userService.ts","statementMap":{"0":{"start":{"line":2,"column":0},"end":{"line":2,"column":28}},"1":{"start":{"line":3,"column":0},"end":{"line":3,"column":31}},"2":{"start":{"line":4,"column":0},"end":{"line":4,"column":28}},"3":{"start":{"line":5,"column":0},"end":{"line":5,"column":54}},"4":{"start":{"line":6,"column":0},"end":{"line":6,"column":67}},"5":{"start":{"line":8,"column":0},"end":{"line":8,"column":73}},"6":{"start":{"line":10,"column":0},"end":{"line":10,"column":84}},"7":{"start":{"line":13,"column":0},"end":{"line":13,"column":null}},"8":{"start":{"line":16,"column":22},"end":{"line":16,"column":70}},"9":{"start":{"line":17,"column":4},"end":{"line":19,"column":null}},"10":{"start":{"line":18,"column":6},"end":{"line":18,"column":41}},"11":{"start":{"line":20,"column":17},"end":{"line":20,"column":19}},"12":{"start":{"line":21,"column":23},"end":{"line":21,"column":59}},"13":{"start":{"line":22,"column":4},"end":{"line":22,"column":70}},"14":{"start":{"line":15,"column":0},"end":{"line":15,"column":22}},"15":{"start":{"line":27,"column":15},"end":{"line":27,"column":39}},"16":{"start":{"line":28,"column":16},"end":{"line":28,"column":69}},"17":{"start":{"line":30,"column":23},"end":{"line":33,"column":null}},"18":{"start":{"line":34,"column":2},"end":{"line":34,"column":null}},"19":{"start":{"line":25,"column":0},"end":{"line":25,"column":22}},"20":{"start":{"line":37,"column":15},"end":{"line":37,"column":64}},"21":{"start":{"line":38,"column":2},"end":{"line":38,"column":59}},"22":{"start":{"line":38,"column":13},"end":{"line":38,"column":59}},"23":{"start":{"line":40,"column":26},"end":{"line":40,"column":75}},"24":{"start":{"line":41,"column":2},"end":{"line":41,"column":null}},"25":{"start":{"line":42,"column":2},"end":{"line":42,"column":74}},"26":{"start":{"line":42,"column":24},"end":{"line":42,"column":74}},"27":{"start":{"line":44,"column":2},"end":{"line":44,"column":14}},"28":{"start":{"line":36,"column":0},"end":{"line":36,"column":22}},"29":{"start":{"line":47,"column":15},"end":{"line":47,"column":49}},"30":{"start":{"line":48,"column":2},"end":{"line":48,"column":63}},"31":{"start":{"line":48,"column":13},"end":{"line":48,"column":63}},"32":{"start":{"line":51,"column":2},"end":{"line":51,"column":14}},"33":{"start":{"line":46,"column":0},"end":{"line":46,"column":22}},"34":{"start":{"line":54,"column":2},"end":{"line":54,"column":null}},"35":{"start":{"line":54,"column":16},"end":{"line":54,"column":null}},"36":{"start":{"line":56,"column":18},"end":{"line":56,"column":51}},"37":{"start":{"line":57,"column":2},"end":{"line":57,"column":null}},"38":{"start":{"line":57,"column":17},"end":{"line":57,"column":null}},"39":{"start":{"line":60,"column":2},"end":{"line":60,"column":null}},"40":{"start":{"line":61,"column":2},"end":{"line":61,"column":null}},"41":{"start":{"line":62,"column":2},"end":{"line":62,"column":null}},"42":{"start":{"line":53,"column":0},"end":{"line":53,"column":22}},"43":{"start":{"line":68,"column":18},"end":{"line":68,"column":51}},"44":{"start":{"line":69,"column":2},"end":{"line":69,"column":null}},"45":{"start":{"line":69,"column":17},"end":{"line":69,"column":null}},"46":{"start":{"line":71,"column":2},"end":{"line":71,"column":null}},"47":{"start":{"line":66,"column":0},"end":{"line":66,"column":22}},"48":{"start":{"line":77,"column":18},"end":{"line":77,"column":51}},"49":{"start":{"line":78,"column":2},"end":{"line":78,"column":null}},"50":{"start":{"line":78,"column":17},"end":{"line":78,"column":null}},"51":{"start":{"line":80,"column":2},"end":{"line":80,"column":null}},"52":{"start":{"line":75,"column":0},"end":{"line":75,"column":22}},"53":{"start":{"line":85,"column":18},"end":{"line":85,"column":51}},"54":{"start":{"line":86,"column":2},"end":{"line":86,"column":null}},"55":{"start":{"line":86,"column":17},"end":{"line":86,"column":null}},"56":{"start":{"line":88,"column":2},"end":{"line":88,"column":null}},"57":{"start":{"line":83,"column":0},"end":{"line":83,"column":22}},"58":{"start":{"line":93,"column":18},"end":{"line":93,"column":51}},"59":{"start":{"line":94,"column":2},"end":{"line":94,"column":null}},"60":{"start":{"line":94,"column":17},"end":{"line":94,"column":null}},"61":{"start":{"line":96,"column":2},"end":{"line":96,"column":null}},"62":{"start":{"line":91,"column":0},"end":{"line":91,"column":22}},"63":{"start":{"line":101,"column":18},"end":{"line":101,"column":51}},"64":{"start":{"line":102,"column":2},"end":{"line":102,"column":null}},"65":{"start":{"line":102,"column":17},"end":{"line":102,"column":null}},"66":{"start":{"line":104,"column":2},"end":{"line":104,"column":null}},"67":{"start":{"line":99,"column":0},"end":{"line":99,"column":22}}},"fnMap":{"0":{"name":"createUser","decl":{"start":{"line":15,"column":22},"end":{"line":15,"column":32}},"loc":{"start":{"line":15,"column":63},"end":{"line":23,"column":null}}},"1":{"name":"loginUser","decl":{"start":{"line":25,"column":22},"end":{"line":25,"column":31}},"loc":{"start":{"line":25,"column":69},"end":{"line":35,"column":null}}},"2":{"name":"createToken","decl":{"start":{"line":36,"column":22},"end":{"line":36,"column":33}},"loc":{"start":{"line":36,"column":71},"end":{"line":45,"column":null}}},"3":{"name":"findUserById","decl":{"start":{"line":46,"column":22},"end":{"line":46,"column":34}},"loc":{"start":{"line":46,"column":45},"end":{"line":52,"column":null}}},"4":{"name":"deleteUser","decl":{"start":{"line":53,"column":22},"end":{"line":53,"column":32}},"loc":{"start":{"line":53,"column":42},"end":{"line":64,"column":null}}},"5":{"name":"toUpdate","decl":{"start":{"line":66,"column":22},"end":{"line":66,"column":30}},"loc":{"start":{"line":66,"column":55},"end":{"line":73,"column":null}}},"6":{"name":"toUpdateInfo","decl":{"start":{"line":75,"column":22},"end":{"line":75,"column":34}},"loc":{"start":{"line":75,"column":56},"end":{"line":82,"column":null}}},"7":{"name":"toUpdateName","decl":{"start":{"line":83,"column":22},"end":{"line":83,"column":34}},"loc":{"start":{"line":83,"column":59},"end":{"line":90,"column":null}}},"8":{"name":"toUpdatePhoto","decl":{"start":{"line":91,"column":22},"end":{"line":91,"column":35}},"loc":{"start":{"line":91,"column":63},"end":{"line":98,"column":null}}},"9":{"name":"toUpdateCountry","decl":{"start":{"line":99,"column":22},"end":{"line":99,"column":37}},"loc":{"start":{"line":99,"column":65},"end":{"line":106,"column":null}}}},"branchMap":{"0":{"loc":{"start":{"line":17,"column":4},"end":{"line":19,"column":null}},"type":"if","locations":[{"start":{"line":17,"column":4},"end":{"line":19,"column":null}}]},"1":{"loc":{"start":{"line":38,"column":2},"end":{"line":38,"column":59}},"type":"if","locations":[{"start":{"line":38,"column":2},"end":{"line":38,"column":59}}]},"2":{"loc":{"start":{"line":42,"column":2},"end":{"line":42,"column":74}},"type":"if","locations":[{"start":{"line":42,"column":2},"end":{"line":42,"column":74}}]},"3":{"loc":{"start":{"line":48,"column":2},"end":{"line":48,"column":63}},"type":"if","locations":[{"start":{"line":48,"column":2},"end":{"line":48,"column":63}}]},"4":{"loc":{"start":{"line":54,"column":2},"end":{"line":54,"column":null}},"type":"if","locations":[{"start":{"line":54,"column":2},"end":{"line":54,"column":null}}]},"5":{"loc":{"start":{"line":57,"column":2},"end":{"line":57,"column":null}},"type":"if","locations":[{"start":{"line":57,"column":2},"end":{"line":57,"column":null}}]},"6":{"loc":{"start":{"line":69,"column":2},"end":{"line":69,"column":null}},"type":"if","locations":[{"start":{"line":69,"column":2},"end":{"line":69,"column":null}}]},"7":{"loc":{"start":{"line":78,"column":2},"end":{"line":78,"column":null}},"type":"if","locations":[{"start":{"line":78,"column":2},"end":{"line":78,"column":null}}]},"8":{"loc":{"start":{"line":86,"column":2},"end":{"line":86,"column":null}},"type":"if","locations":[{"start":{"line":86,"column":2},"end":{"line":86,"column":null}}]},"9":{"loc":{"start":{"line":94,"column":2},"end":{"line":94,"column":null}},"type":"if","locations":[{"start":{"line":94,"column":2},"end":{"line":94,"column":null}}]},"10":{"loc":{"start":{"line":102,"column":2},"end":{"line":102,"column":null}},"type":"if","locations":[{"start":{"line":102,"column":2},"end":{"line":102,"column":null}}]}},"s":{"0":2,"1":2,"2":2,"3":2,"4":2,"5":2,"6":2,"7":2,"8":1,"9":1,"10":1,"11":0,"12":0,"13":0,"14":2,"15":1,"16":0,"17":0,"18":0,"19":2,"20":1,"21":1,"22":1,"23":0,"24":0,"25":0,"26":0,"27":0,"28":2,"29":0,"30":0,"31":0,"32":0,"33":2,"34":0,"35":0,"36":0,"37":0,"38":0,"39":0,"40":0,"41":0,"42":2,"43":0,"44":0,"45":0,"46":0,"47":2,"48":0,"49":0,"50":0,"51":0,"52":2,"53":0,"54":0,"55":0,"56":0,"57":2,"58":0,"59":0,"60":0,"61":0,"62":2,"63":0,"64":0,"65":0,"66":0,"67":2},"f":{"0":1,"1":1,"2":1,"3":0,"4":0,"5":0,"6":0,"7":0,"8":0,"9":0},"b":{"0":[1],"1":[1],"2":[0],"3":[0],"4":[0],"5":[0],"6":[0],"7":[0],"8":[0],"9":[0],"10":[0]}}
,"/home/ludmila/Driven/bcntour-back/tests/integration/factories/theatreFactory.ts": {"path":"/home/ludmila/Driven/bcntour-back/tests/integration/factories/theatreFactory.ts","statementMap":{"0":{"start":{"line":1,"column":0},"end":{"line":1,"column":52}},"1":{"start":{"line":5,"column":4},"end":{"line":12,"column":7}},"2":{"start":{"line":4,"column":0},"end":{"line":4,"column":22}}},"fnMap":{"0":{"name":"execute","decl":{"start":{"line":4,"column":22},"end":{"line":4,"column":29}},"loc":{"start":{"line":4,"column":29},"end":{"line":13,"column":null}}}},"branchMap":{},"s":{"0":1,"1":1,"2":1},"f":{"0":1},"b":{}}
}
