TN:
SF:src/index.ts
FNF:0
FNH:0
DA:1,2
DA:2,2
DA:3,2
DA:4,2
DA:7,2
DA:9,2
DA:10,2
DA:12,2
DA:14,2
DA:15,2
DA:17,2
DA:18,2
DA:20,2
LF:13
LH:13
BRF:0
BRH:0
end_of_record
TN:
SF:src/controllers/localizationController.ts
FN:5,getAll
FN:10,getAllUserLocation
FN:16,getLocationByRate
FN:25,getOne
FN:34,insert
FN:41,toDelete
FN:48,toUpdate
FNF:7
FNH:0
FNDA:0,getAll
FNDA:0,getAllUserLocation
FNDA:0,getLocationByRate
FNDA:0,getOne
FNDA:0,insert
FNDA:0,toDelete
FNDA:0,toUpdate
DA:2,2
DA:5,2
DA:7,0
DA:8,0
DA:10,2
DA:11,0
DA:12,0
DA:13,0
DA:16,2
DA:17,0
DA:18,0
DA:19,0
DA:21,0
DA:22,0
DA:25,2
DA:26,0
DA:28,0
DA:30,0
DA:34,2
DA:35,0
DA:37,0
DA:38,0
DA:41,2
DA:42,0
DA:43,0
DA:44,0
DA:48,2
DA:49,0
DA:50,0
DA:52,0
DA:53,0
LF:31
LH:8
BRF:0
BRH:0
end_of_record
TN:
SF:src/controllers/optionController.ts
FN:5,getAll
FN:11,getOne
FN:20,insert
FN:27,toDelete
FN:34,toUpdate
FNF:5
FNH:0
FNDA:0,getAll
FNDA:0,getOne
FNDA:0,insert
FNDA:0,toDelete
FNDA:0,toUpdate
DA:2,2
DA:5,2
DA:7,0
DA:8,0
DA:11,2
DA:12,0
DA:14,0
DA:16,0
DA:20,2
DA:21,0
DA:23,0
DA:24,0
DA:27,2
DA:28,0
DA:29,0
DA:30,0
DA:34,2
DA:35,0
DA:36,0
DA:38,0
DA:39,0
LF:21
LH:6
BRF:0
BRH:0
end_of_record
TN:
SF:src/controllers/publishController.ts
FN:5,getAll
FN:11,getOne
FN:20,insert
FN:28,toDelete
FN:35,toUpdate
FN:42,getPublishesByUserId
FN:49,getPublishesByOption
FN:58,getPublishFromUserByOption
FN:68,toUpdateRate
FN:77,toUpdateComent
FN:84,filterPublishByRate
FNF:11
FNH:0
FNDA:0,getAll
FNDA:0,getOne
FNDA:0,insert
FNDA:0,toDelete
FNDA:0,toUpdate
FNDA:0,getPublishesByUserId
FNDA:0,getPublishesByOption
FNDA:0,getPublishFromUserByOption
FNDA:0,toUpdateRate
FNDA:0,toUpdateComent
FNDA:0,filterPublishByRate
DA:2,2
DA:5,2
DA:7,0
DA:8,0
DA:11,2
DA:12,0
DA:14,0
DA:16,0
DA:20,2
DA:21,0
DA:24,0
DA:25,0
DA:28,2
DA:29,0
DA:30,0
DA:31,0
DA:35,2
DA:36,0
DA:37,0
DA:39,0
DA:40,0
DA:42,2
DA:43,0
DA:46,0
DA:47,0
DA:49,2
DA:50,0
DA:53,0
DA:55,0
DA:58,2
DA:59,0
DA:60,0
DA:63,0
DA:64,0
DA:65,0
DA:68,2
DA:69,0
DA:71,0
DA:73,0
DA:74,0
DA:77,2
DA:78,0
DA:79,0
DA:81,0
DA:82,0
DA:84,2
DA:85,0
DA:86,0
DA:89,0
DA:90,0
DA:91,0
LF:51
LH:12
BRF:0
BRH:0
end_of_record
TN:
SF:src/controllers/userControllers.ts
FN:6,login
FN:12,signup
FN:18,geById
FN:26,deleteUser
FN:33,toUpdate
FN:41,toUpdateInfo
FN:48,toUpdateName
FN:55,toUpdatePhoto
FN:62,toUpdateCountry
FNF:9
FNH:1
FNDA:1,login
FNDA:0,signup
FNDA:0,geById
FNDA:0,deleteUser
FNDA:0,toUpdate
FNDA:0,toUpdateInfo
FNDA:0,toUpdateName
FNDA:0,toUpdatePhoto
FNDA:0,toUpdateCountry
DA:2,2
DA:6,2
DA:7,1
DA:8,1
DA:9,0
DA:12,2
DA:13,0
DA:14,0
DA:15,0
DA:18,2
DA:19,0
DA:21,0
DA:23,0
DA:26,2
DA:27,0
DA:28,0
DA:30,0
DA:33,2
DA:34,0
DA:35,0
DA:37,0
DA:38,0
DA:41,2
DA:42,0
DA:43,0
DA:45,0
DA:46,0
DA:48,2
DA:49,0
DA:50,0
DA:52,0
DA:53,0
DA:55,2
DA:56,0
DA:57,0
DA:59,0
DA:60,0
DA:62,2
DA:63,0
DA:64,0
DA:66,0
DA:67,0
LF:42
LH:12
BRF:0
BRH:0
end_of_record
TN:
SF:src/dbStrategy/db.ts
FNF:0
FNH:0
DA:2,2
DA:4,2
DA:5,2
LF:3
LH:3
BRF:0
BRH:0
end_of_record
TN:
SF:src/middlewares/error.ts
FN:5,handleErrorsMiddleware
FNF:1
FNH:1
FNDA:1,handleErrorsMiddleware
DA:3,2
DA:5,2
DA:6,1
DA:8,1
DA:9,1
DA:10,1
DA:13,0
LF:7
LH:6
BRDA:8,0,0,1
BRF:1
BRH:1
end_of_record
TN:
SF:src/middlewares/validateSchema.ts
FN:7,validateSignup
FN:18,validateLogin
FN:29,validateOption
FN:41,validatePublish
FNF:4
FNH:1
FNDA:0,validateSignup
FNDA:1,validateLogin
FNDA:0,validateOption
FNDA:0,validatePublish
DA:2,2
DA:3,2
DA:4,2
DA:5,2
DA:7,2
DA:8,0
DA:9,0
DA:10,0
DA:11,0
DA:12,0
DA:15,0
DA:18,2
DA:19,1
DA:20,1
DA:21,1
DA:22,1
DA:23,0
DA:26,1
DA:29,2
DA:30,0
DA:31,0
DA:32,0
DA:33,0
DA:34,0
DA:37,0
DA:41,2
DA:42,0
DA:43,0
DA:44,0
DA:45,0
DA:46,0
DA:47,0
DA:50,0
LF:33
LH:13
BRDA:11,0,0,0
BRDA:22,1,0,0
BRDA:33,2,0,0
BRDA:45,3,0,0
BRF:4
BRH:0
end_of_record
TN:
SF:src/middlewares/validateToken.ts
FN:8,validateTokenFunction
FNF:1
FNH:0
FNDA:0,validateTokenFunction
DA:2,2
DA:3,2
DA:4,2
DA:5,2
DA:6,2
DA:8,2
DA:10,0
DA:11,0
DA:13,0
DA:14,0
DA:16,0
DA:17,0
DA:18,0
DA:19,0
DA:20,0
DA:21,0
DA:23,0
LF:17
LH:6
BRDA:11,0,0,0
BRDA:14,1,0,0
BRF:2
BRH:0
end_of_record
TN:
SF:src/routes/localizationRoutes.ts
FNF:0
FNH:0
DA:1,2
DA:2,2
DA:6,2
DA:8,2
DA:9,2
DA:10,2
DA:11,2
DA:12,2
DA:13,2
DA:14,2
DA:18,2
LF:11
LH:11
BRF:0
BRH:0
end_of_record
TN:
SF:src/routes/optionRoutes.ts
FNF:0
FNH:0
DA:1,2
DA:2,2
DA:3,2
DA:6,2
DA:8,2
DA:9,2
DA:10,2
DA:11,2
DA:12,2
DA:16,2
LF:10
LH:10
BRF:0
BRH:0
end_of_record
TN:
SF:src/routes/publishRoutes.ts
FNF:0
FNH:0
DA:1,2
DA:2,2
DA:3,2
DA:4,2
DA:7,2
DA:9,2
DA:10,2
DA:11,2
DA:12,2
DA:13,2
DA:14,2
DA:15,2
DA:16,2
DA:17,2
DA:18,2
DA:19,2
DA:20,2
LF:17
LH:17
BRF:0
BRH:0
end_of_record
TN:
SF:src/routes/router.ts
FNF:0
FNH:0
DA:1,2
DA:2,2
DA:3,2
DA:4,2
DA:5,2
DA:8,2
DA:10,2
DA:11,2
DA:12,2
DA:13,2
DA:16,2
LF:11
LH:11
BRF:0
BRH:0
end_of_record
TN:
SF:src/routes/userRoutes.ts
FNF:0
FNH:0
DA:1,2
DA:2,2
DA:3,2
DA:4,2
DA:5,2
DA:7,2
DA:8,2
DA:9,2
DA:10,2
DA:11,2
DA:12,2
DA:13,2
DA:14,2
DA:15,2
DA:16,2
LF:15
LH:15
BRF:0
BRH:0
end_of_record
TN:
SF:src/schemas/optionSchema.ts
FNF:0
FNH:0
DA:1,2
DA:5,2
LF:2
LH:2
BRF:0
BRH:0
end_of_record
TN:
SF:src/schemas/publishSchema.ts
FNF:0
FNH:0
DA:1,2
DA:5,2
LF:2
LH:2
BRF:0
BRH:0
end_of_record
TN:
SF:src/schemas/userSchema.ts
FNF:0
FNH:0
DA:1,2
DA:5,2
DA:16,2
LF:3
LH:3
BRF:0
BRH:0
end_of_record
TN:
SF:src/services/localizationService.ts
FN:6,getAll
FN:13,getAllUserLocation
FN:21,getLocationByRate
FN:31,getOne
FN:41,insert
FN:47,toUpdate
FN:55,toDelete
FNF:7
FNH:0
FNDA:0,getAll
FNDA:0,getAllUserLocation
FNDA:0,getLocationByRate
FNDA:0,getOne
FNDA:0,insert
FNDA:0,toUpdate
FNDA:0,toDelete
DA:3,2
DA:4,2
DA:6,2
DA:7,0
DA:9,0
DA:11,0
DA:13,2
DA:15,0
DA:16,0
DA:18,0
DA:21,2
DA:23,0
DA:24,0
DA:26,0
DA:31,2
DA:33,0
DA:34,0
DA:36,0
DA:38,0
DA:41,2
DA:42,0
DA:43,0
DA:45,0
DA:47,2
DA:48,0
DA:49,0
DA:51,0
DA:55,2
DA:56,0
DA:58,0
DA:60,0
DA:61,0
LF:32
LH:9
BRDA:9,0,0,0
BRDA:16,1,0,0
BRDA:24,2,0,0
BRDA:33,3,0,0
BRDA:36,4,0,0
BRDA:43,5,0,0
BRDA:49,6,0,0
BRDA:56,7,0,0
BRDA:60,8,0,0
BRF:9
BRH:0
end_of_record
TN:
SF:src/services/optionService.ts
FN:6,getAll
FN:14,getOne
FN:24,insert
FN:30,toUpdate
FN:38,toDelete
FNF:5
FNH:0
FNDA:0,getAll
FNDA:0,getOne
FNDA:0,insert
FNDA:0,toUpdate
FNDA:0,toDelete
DA:3,2
DA:4,2
DA:6,2
DA:7,0
DA:9,0
DA:11,0
DA:14,2
DA:16,0
DA:17,0
DA:19,0
DA:21,0
DA:24,2
DA:25,0
DA:26,0
DA:28,0
DA:30,2
DA:31,0
DA:32,0
DA:34,0
DA:38,2
DA:39,0
DA:41,0
DA:43,0
DA:44,0
LF:24
LH:7
BRDA:9,0,0,0
BRDA:16,1,0,0
BRDA:19,2,0,0
BRDA:26,3,0,0
BRDA:32,4,0,0
BRDA:39,5,0,0
BRDA:43,6,0,0
BRF:7
BRH:0
end_of_record
TN:
SF:src/services/publishService.ts
FN:10,getAll
FN:23,getOne
FN:33,insert
FN:78,toUpdate
FN:87,toDelete
FN:95,getPublishesByUserId
FN:102,getPublishesByOption
FN:111,getPublishFromUserByOption
FN:118,toUpdateRate
FN:127,toUpdateComent
FN:135,filterPublishByRate
FNF:11
FNH:0
FNDA:0,getAll
FNDA:0,getOne
FNDA:0,insert
FNDA:0,toUpdate
FNDA:0,toDelete
FNDA:0,getPublishesByUserId
FNDA:0,getPublishesByOption
FNDA:0,getPublishFromUserByOption
FNDA:0,toUpdateRate
FNDA:0,toUpdateComent
FNDA:0,filterPublishByRate
DA:3,2
DA:4,2
DA:5,2
DA:6,2
DA:7,2
DA:8,2
DA:10,2
DA:11,0
DA:18,0
DA:23,2
DA:25,0
DA:26,0
DA:28,0
DA:30,0
DA:33,2
DA:35,0
DA:36,0
DA:38,0
DA:39,0
DA:41,0
DA:42,0
DA:49,0
DA:52,0
DA:54,0
DA:59,0
DA:64,0
DA:75,0
DA:78,2
DA:80,0
DA:81,0
DA:83,0
DA:87,2
DA:88,0
DA:89,0
DA:90,0
DA:92,0
DA:95,2
DA:97,0
DA:99,0
DA:100,0
DA:102,2
DA:104,0
DA:106,0
DA:108,0
DA:111,2
DA:113,0
DA:115,0
DA:116,0
DA:118,2
DA:120,0
DA:121,0
DA:124,0
DA:127,2
DA:129,0
DA:130,0
DA:132,0
DA:135,2
DA:137,0
DA:139,0
DA:142,0
DA:144,0
LF:61
LH:17
BRDA:25,0,0,0
BRDA:28,1,0,0
BRDA:36,2,0,0
BRDA:39,3,0,0
BRDA:49,4,0,0
BRDA:81,5,0,0
BRDA:88,6,0,0
BRDA:90,7,0,0
BRDA:99,8,0,0
BRDA:106,9,0,0
BRDA:115,10,0,0
BRDA:121,11,0,0
BRDA:130,12,0,0
BRDA:139,13,0,0
BRF:14
BRH:0
end_of_record
TN:
SF:src/services/userService.ts
FN:15,createUser
FN:25,loginUser
FN:36,createToken
FN:46,findUserById
FN:53,deleteUser
FN:66,toUpdate
FN:75,toUpdateInfo
FN:83,toUpdateName
FN:91,toUpdatePhoto
FN:99,toUpdateCountry
FNF:10
FNH:3
FNDA:1,createUser
FNDA:1,loginUser
FNDA:1,createToken
FNDA:0,findUserById
FNDA:0,deleteUser
FNDA:0,toUpdate
FNDA:0,toUpdateInfo
FNDA:0,toUpdateName
FNDA:0,toUpdatePhoto
FNDA:0,toUpdateCountry
DA:2,2
DA:3,2
DA:4,2
DA:5,2
DA:6,2
DA:8,2
DA:10,2
DA:13,2
DA:15,2
DA:16,1
DA:17,1
DA:18,1
DA:20,0
DA:21,0
DA:22,0
DA:25,2
DA:27,1
DA:28,0
DA:30,0
DA:34,0
DA:36,2
DA:37,1
DA:38,1
DA:40,0
DA:41,0
DA:42,0
DA:44,0
DA:46,2
DA:47,0
DA:48,0
DA:51,0
DA:53,2
DA:54,0
DA:56,0
DA:57,0
DA:60,0
DA:61,0
DA:62,0
DA:66,2
DA:68,0
DA:69,0
DA:71,0
DA:75,2
DA:77,0
DA:78,0
DA:80,0
DA:83,2
DA:85,0
DA:86,0
DA:88,0
DA:91,2
DA:93,0
DA:94,0
DA:96,0
DA:99,2
DA:101,0
DA:102,0
DA:104,0
LF:58
LH:24
BRDA:17,0,0,1
BRDA:38,1,0,1
BRDA:42,2,0,0
BRDA:48,3,0,0
BRDA:54,4,0,0
BRDA:57,5,0,0
BRDA:69,6,0,0
BRDA:78,7,0,0
BRDA:86,8,0,0
BRDA:94,9,0,0
BRDA:102,10,0,0
BRF:11
BRH:2
end_of_record
TN:
SF:tests/integration/factories/theatreFactory.ts
FN:4,execute
FNF:1
FNH:1
FNDA:1,execute
DA:1,1
DA:4,1
DA:5,1
LF:3
LH:3
BRF:0
BRH:0
end_of_record
